{"C:\\Users\\A\\Downloads\\New folder-Charting-Solution\\Charting-Solution-White-Label\\reconstruction\\phase-10-integration\\src\\index.js": {"path":"C:\\Users\\A\\Downloads\\New folder-Charting-Solution\\Charting-Solution-White-Label\\reconstruction\\phase-10-integration\\src\\index.js","all":false,"statementMap":{"0":{"start":{"line":1,"column":0},"end":{"line":1,"column":97}},"1":{"start":{"line":2,"column":0},"end":{"line":2,"column":47}},"2":{"start":{"line":3,"column":0},"end":{"line":3,"column":53}},"3":{"start":{"line":4,"column":0},"end":{"line":4,"column":54}},"4":{"start":{"line":5,"column":0},"end":{"line":5,"column":0}},"5":{"start":{"line":6,"column":0},"end":{"line":6,"column":28}},"6":{"start":{"line":7,"column":0},"end":{"line":7,"column":41}},"7":{"start":{"line":8,"column":0},"end":{"line":8,"column":43}},"8":{"start":{"line":9,"column":0},"end":{"line":9,"column":0}},"9":{"start":{"line":10,"column":0},"end":{"line":10,"column":27}},"10":{"start":{"line":11,"column":0},"end":{"line":11,"column":8}},"11":{"start":{"line":12,"column":0},"end":{"line":12,"column":14}},"12":{"start":{"line":13,"column":0},"end":{"line":13,"column":9}},"13":{"start":{"line":14,"column":0},"end":{"line":14,"column":13}},"14":{"start":{"line":15,"column":0},"end":{"line":15,"column":17}},"15":{"start":{"line":16,"column":0},"end":{"line":16,"column":16}},"16":{"start":{"line":17,"column":0},"end":{"line":17,"column":15}},"17":{"start":{"line":18,"column":0},"end":{"line":18,"column":15}},"18":{"start":{"line":19,"column":0},"end":{"line":19,"column":2}}},"s":{"0":1,"1":1,"2":1,"3":1,"4":1,"5":1,"6":1,"7":1,"8":1,"9":1,"10":1,"11":1,"12":1,"13":1,"14":1,"15":1,"16":1,"17":1,"18":1},"branchMap":{},"b":{},"fnMap":{},"f":{}}
,"C:\\Users\\A\\Downloads\\New folder-Charting-Solution\\Charting-Solution-White-Label\\reconstruction\\phase-10-integration\\src\\alerts\\AlertSystem.js": {"path":"C:\\Users\\A\\Downloads\\New folder-Charting-Solution\\Charting-Solution-White-Label\\reconstruction\\phase-10-integration\\src\\alerts\\AlertSystem.js","all":false,"statementMap":{"0":{"start":{"line":1,"column":0},"end":{"line":1,"column":26}},"1":{"start":{"line":2,"column":0},"end":{"line":2,"column":17}},"2":{"start":{"line":3,"column":0},"end":{"line":3,"column":22}},"3":{"start":{"line":4,"column":0},"end":{"line":4,"column":24}},"4":{"start":{"line":5,"column":0},"end":{"line":5,"column":3}},"5":{"start":{"line":6,"column":0},"end":{"line":6,"column":0}},"6":{"start":{"line":7,"column":0},"end":{"line":7,"column":57}},"7":{"start":{"line":8,"column":0},"end":{"line":8,"column":19}},"8":{"start":{"line":9,"column":0},"end":{"line":9,"column":28}},"9":{"start":{"line":10,"column":0},"end":{"line":10,"column":20}},"10":{"start":{"line":11,"column":0},"end":{"line":11,"column":13}},"11":{"start":{"line":12,"column":0},"end":{"line":12,"column":16}},"12":{"start":{"line":13,"column":0},"end":{"line":13,"column":12}},"13":{"start":{"line":14,"column":0},"end":{"line":14,"column":14}},"14":{"start":{"line":15,"column":0},"end":{"line":15,"column":23}},"15":{"start":{"line":16,"column":0},"end":{"line":16,"column":27}},"16":{"start":{"line":17,"column":0},"end":{"line":17,"column":6}},"17":{"start":{"line":18,"column":0},"end":{"line":18,"column":29}},"18":{"start":{"line":19,"column":0},"end":{"line":19,"column":20}},"19":{"start":{"line":20,"column":0},"end":{"line":20,"column":3}},"20":{"start":{"line":21,"column":0},"end":{"line":21,"column":0}},"21":{"start":{"line":22,"column":0},"end":{"line":22,"column":60}},"22":{"start":{"line":23,"column":0},"end":{"line":23,"column":19}},"23":{"start":{"line":24,"column":0},"end":{"line":24,"column":28}},"24":{"start":{"line":25,"column":0},"end":{"line":25,"column":20}},"25":{"start":{"line":26,"column":0},"end":{"line":26,"column":16}},"26":{"start":{"line":27,"column":0},"end":{"line":27,"column":16}},"27":{"start":{"line":28,"column":0},"end":{"line":28,"column":12}},"28":{"start":{"line":29,"column":0},"end":{"line":29,"column":14}},"29":{"start":{"line":30,"column":0},"end":{"line":30,"column":23}},"30":{"start":{"line":31,"column":0},"end":{"line":31,"column":27}},"31":{"start":{"line":32,"column":0},"end":{"line":32,"column":6}},"32":{"start":{"line":33,"column":0},"end":{"line":33,"column":29}},"33":{"start":{"line":34,"column":0},"end":{"line":34,"column":20}},"34":{"start":{"line":35,"column":0},"end":{"line":35,"column":3}},"35":{"start":{"line":36,"column":0},"end":{"line":36,"column":0}},"36":{"start":{"line":37,"column":0},"end":{"line":37,"column":54}},"37":{"start":{"line":38,"column":0},"end":{"line":38,"column":19}},"38":{"start":{"line":39,"column":0},"end":{"line":39,"column":28}},"39":{"start":{"line":40,"column":0},"end":{"line":40,"column":22}},"40":{"start":{"line":41,"column":0},"end":{"line":41,"column":15}},"41":{"start":{"line":42,"column":0},"end":{"line":42,"column":16}},"42":{"start":{"line":43,"column":0},"end":{"line":43,"column":14}},"43":{"start":{"line":44,"column":0},"end":{"line":44,"column":23}},"44":{"start":{"line":45,"column":0},"end":{"line":45,"column":27}},"45":{"start":{"line":46,"column":0},"end":{"line":46,"column":6}},"46":{"start":{"line":47,"column":0},"end":{"line":47,"column":29}},"47":{"start":{"line":48,"column":0},"end":{"line":48,"column":20}},"48":{"start":{"line":49,"column":0},"end":{"line":49,"column":3}},"49":{"start":{"line":50,"column":0},"end":{"line":50,"column":0}},"50":{"start":{"line":51,"column":0},"end":{"line":51,"column":19}},"51":{"start":{"line":52,"column":0},"end":{"line":52,"column":57}},"52":{"start":{"line":53,"column":0},"end":{"line":53,"column":21}},"53":{"start":{"line":54,"column":0},"end":{"line":54,"column":34}},"54":{"start":{"line":55,"column":0},"end":{"line":55,"column":18}},"55":{"start":{"line":56,"column":0},"end":{"line":56,"column":5}},"56":{"start":{"line":57,"column":0},"end":{"line":57,"column":17}},"57":{"start":{"line":58,"column":0},"end":{"line":58,"column":3}},"58":{"start":{"line":59,"column":0},"end":{"line":59,"column":0}},"59":{"start":{"line":60,"column":0},"end":{"line":60,"column":15}},"60":{"start":{"line":61,"column":0},"end":{"line":61,"column":29}},"61":{"start":{"line":62,"column":0},"end":{"line":62,"column":3}},"62":{"start":{"line":63,"column":0},"end":{"line":63,"column":0}},"63":{"start":{"line":64,"column":0},"end":{"line":64,"column":36}},"64":{"start":{"line":65,"column":0},"end":{"line":65,"column":21}},"65":{"start":{"line":66,"column":0},"end":{"line":66,"column":39}},"66":{"start":{"line":67,"column":0},"end":{"line":67,"column":89}},"67":{"start":{"line":68,"column":0},"end":{"line":68,"column":22}},"68":{"start":{"line":69,"column":0},"end":{"line":69,"column":88}},"69":{"start":{"line":70,"column":0},"end":{"line":70,"column":88}},"70":{"start":{"line":71,"column":0},"end":{"line":71,"column":16}},"71":{"start":{"line":72,"column":0},"end":{"line":72,"column":31}},"72":{"start":{"line":73,"column":0},"end":{"line":73,"column":26}},"73":{"start":{"line":74,"column":0},"end":{"line":74,"column":7}},"74":{"start":{"line":75,"column":0},"end":{"line":75,"column":5}},"75":{"start":{"line":76,"column":0},"end":{"line":76,"column":17}},"76":{"start":{"line":77,"column":0},"end":{"line":77,"column":3}},"77":{"start":{"line":78,"column":0},"end":{"line":78,"column":0}},"78":{"start":{"line":79,"column":0},"end":{"line":79,"column":32}},"79":{"start":{"line":80,"column":0},"end":{"line":80,"column":21}},"80":{"start":{"line":81,"column":0},"end":{"line":81,"column":39}},"81":{"start":{"line":82,"column":0},"end":{"line":82,"column":95}},"82":{"start":{"line":83,"column":0},"end":{"line":83,"column":22}},"83":{"start":{"line":84,"column":0},"end":{"line":84,"column":78}},"84":{"start":{"line":85,"column":0},"end":{"line":85,"column":76}},"85":{"start":{"line":86,"column":0},"end":{"line":86,"column":16}},"86":{"start":{"line":87,"column":0},"end":{"line":87,"column":31}},"87":{"start":{"line":88,"column":0},"end":{"line":88,"column":26}},"88":{"start":{"line":89,"column":0},"end":{"line":89,"column":7}},"89":{"start":{"line":90,"column":0},"end":{"line":90,"column":5}},"90":{"start":{"line":91,"column":0},"end":{"line":91,"column":17}},"91":{"start":{"line":92,"column":0},"end":{"line":92,"column":3}},"92":{"start":{"line":93,"column":0},"end":{"line":93,"column":0}},"93":{"start":{"line":94,"column":0},"end":{"line":94,"column":18}},"94":{"start":{"line":95,"column":0},"end":{"line":95,"column":54}},"95":{"start":{"line":96,"column":0},"end":{"line":96,"column":56}},"96":{"start":{"line":97,"column":0},"end":{"line":97,"column":17}},"97":{"start":{"line":98,"column":0},"end":{"line":98,"column":3}},"98":{"start":{"line":99,"column":0},"end":{"line":99,"column":1}}},"s":{"0":1,"1":1,"2":9,"3":9,"4":9,"5":1,"6":1,"7":6,"8":6,"9":6,"10":6,"11":6,"12":6,"13":6,"14":6,"15":6,"16":6,"17":6,"18":6,"19":6,"20":1,"21":1,"22":2,"23":2,"24":2,"25":2,"26":2,"27":2,"28":2,"29":2,"30":2,"31":2,"32":2,"33":2,"34":2,"35":1,"36":1,"37":1,"38":1,"39":1,"40":1,"41":1,"42":1,"43":1,"44":1,"45":1,"46":1,"47":1,"48":1,"49":1,"50":1,"51":1,"52":1,"53":1,"54":1,"55":1,"56":0,"57":1,"58":1,"59":1,"60":1,"61":1,"62":1,"63":1,"64":7,"65":7,"66":7,"67":6,"68":7,"69":7,"70":7,"71":5,"72":5,"73":5,"74":7,"75":7,"76":7,"77":1,"78":1,"79":2,"80":2,"81":2,"82":2,"83":2,"84":2,"85":2,"86":2,"87":2,"88":2,"89":2,"90":2,"91":2,"92":1,"93":1,"94":1,"95":1,"96":0,"97":1,"98":1},"branchMap":{"0":{"type":"branch","line":2,"loc":{"start":{"line":2,"column":2},"end":{"line":5,"column":3}},"locations":[{"start":{"line":2,"column":2},"end":{"line":5,"column":3}}]},"1":{"type":"branch","line":7,"loc":{"start":{"line":7,"column":2},"end":{"line":20,"column":3}},"locations":[{"start":{"line":7,"column":2},"end":{"line":20,"column":3}}]},"2":{"type":"branch","line":22,"loc":{"start":{"line":22,"column":2},"end":{"line":35,"column":3}},"locations":[{"start":{"line":22,"column":2},"end":{"line":35,"column":3}}]},"3":{"type":"branch","line":37,"loc":{"start":{"line":37,"column":2},"end":{"line":49,"column":3}},"locations":[{"start":{"line":37,"column":2},"end":{"line":49,"column":3}}]},"4":{"type":"branch","line":51,"loc":{"start":{"line":51,"column":2},"end":{"line":58,"column":3}},"locations":[{"start":{"line":51,"column":2},"end":{"line":58,"column":3}}]},"5":{"type":"branch","line":56,"loc":{"start":{"line":56,"column":4},"end":{"line":58,"column":2}},"locations":[{"start":{"line":56,"column":4},"end":{"line":58,"column":2}}]},"6":{"type":"branch","line":52,"loc":{"start":{"line":52,"column":39},"end":{"line":52,"column":55}},"locations":[{"start":{"line":52,"column":39},"end":{"line":52,"column":55}}]},"7":{"type":"branch","line":60,"loc":{"start":{"line":60,"column":2},"end":{"line":62,"column":3}},"locations":[{"start":{"line":60,"column":2},"end":{"line":62,"column":3}}]},"8":{"type":"branch","line":64,"loc":{"start":{"line":64,"column":2},"end":{"line":77,"column":3}},"locations":[{"start":{"line":64,"column":2},"end":{"line":77,"column":3}}]},"9":{"type":"branch","line":67,"loc":{"start":{"line":67,"column":26},"end":{"line":67,"column":51}},"locations":[{"start":{"line":67,"column":26},"end":{"line":67,"column":51}}]},"10":{"type":"branch","line":67,"loc":{"start":{"line":67,"column":52},"end":{"line":67,"column":78}},"locations":[{"start":{"line":67,"column":52},"end":{"line":67,"column":78}}]},"11":{"type":"branch","line":67,"loc":{"start":{"line":67,"column":80},"end":{"line":67,"column":89}},"locations":[{"start":{"line":67,"column":80},"end":{"line":67,"column":89}}]},"12":{"type":"branch","line":67,"loc":{"start":{"line":67,"column":88},"end":{"line":69,"column":46}},"locations":[{"start":{"line":67,"column":88},"end":{"line":69,"column":46}}]},"13":{"type":"branch","line":69,"loc":{"start":{"line":69,"column":46},"end":{"line":69,"column":75}},"locations":[{"start":{"line":69,"column":46},"end":{"line":69,"column":75}}]},"14":{"type":"branch","line":69,"loc":{"start":{"line":69,"column":77},"end":{"line":69,"column":88}},"locations":[{"start":{"line":69,"column":77},"end":{"line":69,"column":88}}]},"15":{"type":"branch","line":69,"loc":{"start":{"line":69,"column":87},"end":{"line":70,"column":46}},"locations":[{"start":{"line":69,"column":87},"end":{"line":70,"column":46}}]},"16":{"type":"branch","line":70,"loc":{"start":{"line":70,"column":46},"end":{"line":70,"column":75}},"locations":[{"start":{"line":70,"column":46},"end":{"line":70,"column":75}}]},"17":{"type":"branch","line":70,"loc":{"start":{"line":70,"column":77},"end":{"line":70,"column":88}},"locations":[{"start":{"line":70,"column":77},"end":{"line":70,"column":88}}]},"18":{"type":"branch","line":70,"loc":{"start":{"line":70,"column":87},"end":{"line":71,"column":15}},"locations":[{"start":{"line":70,"column":87},"end":{"line":71,"column":15}}]},"19":{"type":"branch","line":71,"loc":{"start":{"line":71,"column":15},"end":{"line":74,"column":7}},"locations":[{"start":{"line":71,"column":15},"end":{"line":74,"column":7}}]},"20":{"type":"branch","line":79,"loc":{"start":{"line":79,"column":2},"end":{"line":92,"column":3}},"locations":[{"start":{"line":79,"column":2},"end":{"line":92,"column":3}}]},"21":{"type":"branch","line":82,"loc":{"start":{"line":82,"column":86},"end":{"line":82,"column":95}},"locations":[{"start":{"line":82,"column":86},"end":{"line":82,"column":95}}]},"22":{"type":"branch","line":84,"loc":{"start":{"line":84,"column":43},"end":{"line":84,"column":65}},"locations":[{"start":{"line":84,"column":43},"end":{"line":84,"column":65}}]},"23":{"type":"branch","line":84,"loc":{"start":{"line":84,"column":67},"end":{"line":84,"column":78}},"locations":[{"start":{"line":84,"column":67},"end":{"line":84,"column":78}}]},"24":{"type":"branch","line":85,"loc":{"start":{"line":85,"column":41},"end":{"line":85,"column":63}},"locations":[{"start":{"line":85,"column":41},"end":{"line":85,"column":63}}]},"25":{"type":"branch","line":85,"loc":{"start":{"line":85,"column":65},"end":{"line":85,"column":76}},"locations":[{"start":{"line":85,"column":65},"end":{"line":85,"column":76}}]},"26":{"type":"branch","line":94,"loc":{"start":{"line":94,"column":2},"end":{"line":98,"column":3}},"locations":[{"start":{"line":94,"column":2},"end":{"line":98,"column":3}}]},"27":{"type":"branch","line":96,"loc":{"start":{"line":96,"column":55},"end":{"line":98,"column":2}},"locations":[{"start":{"line":96,"column":55},"end":{"line":98,"column":2}}]},"28":{"type":"branch","line":95,"loc":{"start":{"line":95,"column":36},"end":{"line":95,"column":52}},"locations":[{"start":{"line":95,"column":36},"end":{"line":95,"column":52}}]}},"b":{"0":[9],"1":[6],"2":[2],"3":[1],"4":[1],"5":[0],"6":[1],"7":[1],"8":[7],"9":[6],"10":[6],"11":[1],"12":[6],"13":[5],"14":[4],"15":[6],"16":[1],"17":[1],"18":[6],"19":[5],"20":[2],"21":[0],"22":[1],"23":[1],"24":[1],"25":[1],"26":[1],"27":[0],"28":[1]},"fnMap":{"0":{"name":"AlertSystem","decl":{"start":{"line":2,"column":2},"end":{"line":5,"column":3}},"loc":{"start":{"line":2,"column":2},"end":{"line":5,"column":3}},"line":2},"1":{"name":"addPriceAlert","decl":{"start":{"line":7,"column":2},"end":{"line":20,"column":3}},"loc":{"start":{"line":7,"column":2},"end":{"line":20,"column":3}},"line":7},"2":{"name":"addStudyAlert","decl":{"start":{"line":22,"column":2},"end":{"line":35,"column":3}},"loc":{"start":{"line":22,"column":2},"end":{"line":35,"column":3}},"line":22},"3":{"name":"addDrawingAlert","decl":{"start":{"line":37,"column":2},"end":{"line":49,"column":3}},"loc":{"start":{"line":37,"column":2},"end":{"line":49,"column":3}},"line":37},"4":{"name":"removeAlert","decl":{"start":{"line":51,"column":2},"end":{"line":58,"column":3}},"loc":{"start":{"line":51,"column":2},"end":{"line":58,"column":3}},"line":51},"5":{"name":"getAlerts","decl":{"start":{"line":60,"column":2},"end":{"line":62,"column":3}},"loc":{"start":{"line":60,"column":2},"end":{"line":62,"column":3}},"line":60},"6":{"name":"checkPrice","decl":{"start":{"line":64,"column":2},"end":{"line":77,"column":3}},"loc":{"start":{"line":64,"column":2},"end":{"line":77,"column":3}},"line":64},"7":{"name":"checkStudy","decl":{"start":{"line":79,"column":2},"end":{"line":92,"column":3}},"loc":{"start":{"line":79,"column":2},"end":{"line":92,"column":3}},"line":79},"8":{"name":"resetAlert","decl":{"start":{"line":94,"column":2},"end":{"line":98,"column":3}},"loc":{"start":{"line":94,"column":2},"end":{"line":98,"column":3}},"line":94}},"f":{"0":9,"1":6,"2":2,"3":1,"4":1,"5":1,"6":7,"7":2,"8":1}}
,"C:\\Users\\A\\Downloads\\New folder-Charting-Solution\\Charting-Solution-White-Label\\reconstruction\\phase-10-integration\\src\\api\\CustomStudy.js": {"path":"C:\\Users\\A\\Downloads\\New folder-Charting-Solution\\Charting-Solution-White-Label\\reconstruction\\phase-10-integration\\src\\api\\CustomStudy.js","all":false,"statementMap":{"0":{"start":{"line":1,"column":0},"end":{"line":1,"column":45}},"1":{"start":{"line":2,"column":0},"end":{"line":2,"column":53}},"2":{"start":{"line":3,"column":0},"end":{"line":3,"column":47}},"3":{"start":{"line":4,"column":0},"end":{"line":4,"column":0}},"4":{"start":{"line":5,"column":0},"end":{"line":5,"column":26}},"5":{"start":{"line":6,"column":0},"end":{"line":6,"column":19}},"6":{"start":{"line":7,"column":0},"end":{"line":7,"column":53}},"7":{"start":{"line":8,"column":0},"end":{"line":8,"column":4}},"8":{"start":{"line":9,"column":0},"end":{"line":9,"column":30}},"9":{"start":{"line":10,"column":0},"end":{"line":10,"column":0}},"10":{"start":{"line":11,"column":0},"end":{"line":11,"column":28}},"11":{"start":{"line":12,"column":0},"end":{"line":12,"column":42}},"12":{"start":{"line":13,"column":0},"end":{"line":13,"column":20}},"13":{"start":{"line":14,"column":0},"end":{"line":14,"column":34}},"14":{"start":{"line":15,"column":0},"end":{"line":15,"column":22}},"15":{"start":{"line":16,"column":0},"end":{"line":16,"column":0}},"16":{"start":{"line":17,"column":0},"end":{"line":17,"column":22}},"17":{"start":{"line":18,"column":0},"end":{"line":18,"column":33}},"18":{"start":{"line":19,"column":0},"end":{"line":19,"column":5}},"19":{"start":{"line":20,"column":0},"end":{"line":20,"column":3}},"20":{"start":{"line":21,"column":0},"end":{"line":21,"column":0}},"21":{"start":{"line":22,"column":0},"end":{"line":22,"column":20}},"22":{"start":{"line":23,"column":0},"end":{"line":23,"column":32}},"23":{"start":{"line":24,"column":0},"end":{"line":24,"column":37}},"24":{"start":{"line":25,"column":0},"end":{"line":25,"column":40}},"25":{"start":{"line":26,"column":0},"end":{"line":26,"column":47}},"26":{"start":{"line":27,"column":0},"end":{"line":27,"column":30}},"27":{"start":{"line":28,"column":0},"end":{"line":28,"column":3}},"28":{"start":{"line":29,"column":0},"end":{"line":29,"column":0}},"29":{"start":{"line":30,"column":0},"end":{"line":30,"column":25}},"30":{"start":{"line":31,"column":0},"end":{"line":31,"column":31}},"31":{"start":{"line":32,"column":0},"end":{"line":32,"column":3}},"32":{"start":{"line":33,"column":0},"end":{"line":33,"column":0}},"33":{"start":{"line":34,"column":0},"end":{"line":34,"column":19}},"34":{"start":{"line":35,"column":0},"end":{"line":35,"column":20}},"35":{"start":{"line":36,"column":0},"end":{"line":36,"column":50}},"36":{"start":{"line":37,"column":0},"end":{"line":37,"column":31}},"37":{"start":{"line":38,"column":0},"end":{"line":38,"column":5}},"38":{"start":{"line":39,"column":0},"end":{"line":39,"column":55}},"39":{"start":{"line":40,"column":0},"end":{"line":40,"column":3}},"40":{"start":{"line":41,"column":0},"end":{"line":41,"column":1}}},"s":{"0":1,"1":1,"2":1,"3":1,"4":1,"5":1,"6":1,"7":1,"8":1,"9":1,"10":1,"11":3,"12":3,"13":3,"14":3,"15":3,"16":3,"17":2,"18":2,"19":3,"20":1,"21":1,"22":2,"23":2,"24":2,"25":2,"26":2,"27":2,"28":1,"29":1,"30":0,"31":0,"32":1,"33":1,"34":3,"35":1,"36":1,"37":1,"38":2,"39":3,"40":1},"branchMap":{"0":{"type":"branch","line":9,"loc":{"start":{"line":9,"column":2},"end":{"line":9,"column":29}},"locations":[{"start":{"line":9,"column":2},"end":{"line":9,"column":29}}]},"1":{"type":"branch","line":11,"loc":{"start":{"line":11,"column":2},"end":{"line":20,"column":3}},"locations":[{"start":{"line":11,"column":2},"end":{"line":20,"column":3}}]},"2":{"type":"branch","line":12,"loc":{"start":{"line":12,"column":36},"end":{"line":12,"column":41}},"locations":[{"start":{"line":12,"column":36},"end":{"line":12,"column":41}}]},"3":{"type":"branch","line":17,"loc":{"start":{"line":17,"column":21},"end":{"line":19,"column":5}},"locations":[{"start":{"line":17,"column":21},"end":{"line":19,"column":5}}]},"4":{"type":"branch","line":22,"loc":{"start":{"line":22,"column":2},"end":{"line":28,"column":3}},"locations":[{"start":{"line":22,"column":2},"end":{"line":28,"column":3}}]},"5":{"type":"branch","line":34,"loc":{"start":{"line":34,"column":2},"end":{"line":40,"column":3}},"locations":[{"start":{"line":34,"column":2},"end":{"line":40,"column":3}}]},"6":{"type":"branch","line":35,"loc":{"start":{"line":35,"column":19},"end":{"line":38,"column":5}},"locations":[{"start":{"line":35,"column":19},"end":{"line":38,"column":5}}]},"7":{"type":"branch","line":36,"loc":{"start":{"line":36,"column":23},"end":{"line":36,"column":50}},"locations":[{"start":{"line":36,"column":23},"end":{"line":36,"column":50}}]},"8":{"type":"branch","line":38,"loc":{"start":{"line":38,"column":4},"end":{"line":40,"column":2}},"locations":[{"start":{"line":38,"column":4},"end":{"line":40,"column":2}}]}},"b":{"0":[1],"1":[3],"2":[1],"3":[2],"4":[2],"5":[3],"6":[1],"7":[0],"8":[2]},"fnMap":{"0":{"name":"<static_initializer>","decl":{"start":{"line":9,"column":2},"end":{"line":9,"column":29}},"loc":{"start":{"line":9,"column":2},"end":{"line":9,"column":29}},"line":9},"1":{"name":"CustomStudy","decl":{"start":{"line":11,"column":2},"end":{"line":20,"column":3}},"loc":{"start":{"line":11,"column":2},"end":{"line":20,"column":3}},"line":11},"2":{"name":"_compile","decl":{"start":{"line":22,"column":2},"end":{"line":28,"column":3}},"loc":{"start":{"line":22,"column":2},"end":{"line":28,"column":3}},"line":22},"3":{"name":"setInput","decl":{"start":{"line":30,"column":2},"end":{"line":32,"column":3}},"loc":{"start":{"line":30,"column":2},"end":{"line":32,"column":3}},"line":30},"4":{"name":"calculate","decl":{"start":{"line":34,"column":2},"end":{"line":40,"column":3}},"loc":{"start":{"line":34,"column":2},"end":{"line":40,"column":3}},"line":34}},"f":{"0":1,"1":3,"2":2,"3":0,"4":3}}
,"C:\\Users\\A\\Downloads\\New folder-Charting-Solution\\Charting-Solution-White-Label\\reconstruction\\phase-10-integration\\src\\api\\TradingView.js": {"path":"C:\\Users\\A\\Downloads\\New folder-Charting-Solution\\Charting-Solution-White-Label\\reconstruction\\phase-10-integration\\src\\api\\TradingView.js","all":false,"statementMap":{"0":{"start":{"line":1,"column":0},"end":{"line":1,"column":41}},"1":{"start":{"line":2,"column":0},"end":{"line":2,"column":13}},"2":{"start":{"line":3,"column":0},"end":{"line":3,"column":10}},"3":{"start":{"line":4,"column":0},"end":{"line":4,"column":10}},"4":{"start":{"line":5,"column":0},"end":{"line":5,"column":10}},"5":{"start":{"line":6,"column":0},"end":{"line":6,"column":13}},"6":{"start":{"line":7,"column":0},"end":{"line":7,"column":3}},"7":{"start":{"line":8,"column":0},"end":{"line":8,"column":0}},"8":{"start":{"line":9,"column":0},"end":{"line":9,"column":45}},"9":{"start":{"line":10,"column":0},"end":{"line":10,"column":12}},"10":{"start":{"line":11,"column":0},"end":{"line":11,"column":9}},"11":{"start":{"line":12,"column":0},"end":{"line":12,"column":16}},"12":{"start":{"line":13,"column":0},"end":{"line":13,"column":19}},"13":{"start":{"line":14,"column":0},"end":{"line":14,"column":3}},"14":{"start":{"line":15,"column":0},"end":{"line":15,"column":0}},"15":{"start":{"line":16,"column":0},"end":{"line":16,"column":44}},"16":{"start":{"line":17,"column":0},"end":{"line":17,"column":12}},"17":{"start":{"line":18,"column":0},"end":{"line":18,"column":11}},"18":{"start":{"line":19,"column":0},"end":{"line":19,"column":3}},"19":{"start":{"line":20,"column":0},"end":{"line":20,"column":0}},"20":{"start":{"line":21,"column":0},"end":{"line":21,"column":28}},"21":{"start":{"line":22,"column":0},"end":{"line":22,"column":15}},"22":{"start":{"line":23,"column":0},"end":{"line":23,"column":13}},"23":{"start":{"line":24,"column":0},"end":{"line":24,"column":17}},"24":{"start":{"line":25,"column":0},"end":{"line":25,"column":16}},"25":{"start":{"line":26,"column":0},"end":{"line":26,"column":34}},"26":{"start":{"line":27,"column":0},"end":{"line":27,"column":22}},"27":{"start":{"line":28,"column":0},"end":{"line":28,"column":22}},"28":{"start":{"line":29,"column":0},"end":{"line":29,"column":2}}},"s":{"0":1,"1":1,"2":1,"3":1,"4":1,"5":1,"6":1,"7":1,"8":1,"9":1,"10":1,"11":1,"12":1,"13":1,"14":1,"15":1,"16":1,"17":1,"18":1,"19":1,"20":1,"21":1,"22":1,"23":1,"24":1,"25":1,"26":1,"27":1,"28":1},"branchMap":{},"b":{},"fnMap":{},"f":{}}
,"C:\\Users\\A\\Downloads\\New folder-Charting-Solution\\Charting-Solution-White-Label\\reconstruction\\phase-10-integration\\src\\api\\index.js": {"path":"C:\\Users\\A\\Downloads\\New folder-Charting-Solution\\Charting-Solution-White-Label\\reconstruction\\phase-10-integration\\src\\api\\index.js","all":true,"statementMap":{"0":{"start":{"line":1,"column":0},"end":{"line":1,"column":90}}},"s":{"0":0},"branchMap":{"0":{"type":"branch","line":1,"loc":{"start":{"line":1,"column":0},"end":{"line":1,"column":90}},"locations":[{"start":{"line":1,"column":0},"end":{"line":1,"column":90}}]}},"b":{"0":[0]},"fnMap":{"0":{"name":"(empty-report)","decl":{"start":{"line":1,"column":0},"end":{"line":1,"column":90}},"loc":{"start":{"line":1,"column":0},"end":{"line":1,"column":90}},"line":1}},"f":{"0":0}}
,"C:\\Users\\A\\Downloads\\New folder-Charting-Solution\\Charting-Solution-White-Label\\reconstruction\\phase-10-integration\\src\\chart\\Chart.js": {"path":"C:\\Users\\A\\Downloads\\New folder-Charting-Solution\\Charting-Solution-White-Label\\reconstruction\\phase-10-integration\\src\\chart\\Chart.js","all":false,"statementMap":{"0":{"start":{"line":1,"column":0},"end":{"line":1,"column":182}},"1":{"start":{"line":2,"column":0},"end":{"line":2,"column":170}},"2":{"start":{"line":3,"column":0},"end":{"line":3,"column":187}},"3":{"start":{"line":4,"column":0},"end":{"line":4,"column":174}},"4":{"start":{"line":5,"column":0},"end":{"line":5,"column":194}},"5":{"start":{"line":6,"column":0},"end":{"line":6,"column":178}},"6":{"start":{"line":7,"column":0},"end":{"line":7,"column":180}},"7":{"start":{"line":8,"column":0},"end":{"line":8,"column":180}},"8":{"start":{"line":9,"column":0},"end":{"line":9,"column":188}},"9":{"start":{"line":10,"column":0},"end":{"line":10,"column":175}},"10":{"start":{"line":11,"column":0},"end":{"line":11,"column":169}},"11":{"start":{"line":12,"column":0},"end":{"line":12,"column":165}},"12":{"start":{"line":13,"column":0},"end":{"line":13,"column":170}},"13":{"start":{"line":14,"column":0},"end":{"line":14,"column":184}},"14":{"start":{"line":15,"column":0},"end":{"line":15,"column":0}},"15":{"start":{"line":16,"column":0},"end":{"line":16,"column":20}},"16":{"start":{"line":17,"column":0},"end":{"line":17,"column":54}},"17":{"start":{"line":18,"column":0},"end":{"line":18,"column":32}},"18":{"start":{"line":19,"column":0},"end":{"line":19,"column":36}},"19":{"start":{"line":20,"column":0},"end":{"line":20,"column":38}},"20":{"start":{"line":21,"column":0},"end":{"line":21,"column":30}},"21":{"start":{"line":22,"column":0},"end":{"line":22,"column":25}},"22":{"start":{"line":23,"column":0},"end":{"line":23,"column":23}},"23":{"start":{"line":24,"column":0},"end":{"line":24,"column":27}},"24":{"start":{"line":25,"column":0},"end":{"line":25,"column":0}},"25":{"start":{"line":26,"column":0},"end":{"line":26,"column":43}},"26":{"start":{"line":27,"column":0},"end":{"line":27,"column":44}},"27":{"start":{"line":28,"column":0},"end":{"line":28,"column":0}},"28":{"start":{"line":29,"column":0},"end":{"line":29,"column":57}},"29":{"start":{"line":30,"column":0},"end":{"line":30,"column":40}},"30":{"start":{"line":31,"column":0},"end":{"line":31,"column":59}},"31":{"start":{"line":32,"column":0},"end":{"line":32,"column":42}},"32":{"start":{"line":33,"column":0},"end":{"line":33,"column":33}},"33":{"start":{"line":34,"column":0},"end":{"line":34,"column":53}},"34":{"start":{"line":35,"column":0},"end":{"line":35,"column":0}},"35":{"start":{"line":36,"column":0},"end":{"line":36,"column":58}},"36":{"start":{"line":37,"column":0},"end":{"line":37,"column":42}},"37":{"start":{"line":38,"column":0},"end":{"line":38,"column":44}},"38":{"start":{"line":39,"column":0},"end":{"line":39,"column":44}},"39":{"start":{"line":40,"column":0},"end":{"line":40,"column":52}},"40":{"start":{"line":41,"column":0},"end":{"line":41,"column":0}},"41":{"start":{"line":42,"column":0},"end":{"line":42,"column":38}},"42":{"start":{"line":43,"column":0},"end":{"line":43,"column":32}},"43":{"start":{"line":44,"column":0},"end":{"line":44,"column":28}},"44":{"start":{"line":45,"column":0},"end":{"line":45,"column":0}},"45":{"start":{"line":46,"column":0},"end":{"line":46,"column":20}},"46":{"start":{"line":47,"column":0},"end":{"line":47,"column":38}},"47":{"start":{"line":48,"column":0},"end":{"line":48,"column":0}},"48":{"start":{"line":49,"column":0},"end":{"line":49,"column":23}},"49":{"start":{"line":50,"column":0},"end":{"line":50,"column":22}},"50":{"start":{"line":51,"column":0},"end":{"line":51,"column":22}},"51":{"start":{"line":52,"column":0},"end":{"line":52,"column":3}},"52":{"start":{"line":53,"column":0},"end":{"line":53,"column":0}},"53":{"start":{"line":54,"column":0},"end":{"line":54,"column":21}},"54":{"start":{"line":55,"column":0},"end":{"line":55,"column":26}},"55":{"start":{"line":56,"column":0},"end":{"line":56,"column":35}},"56":{"start":{"line":57,"column":0},"end":{"line":57,"column":3}},"57":{"start":{"line":58,"column":0},"end":{"line":58,"column":0}},"58":{"start":{"line":59,"column":0},"end":{"line":59,"column":25}},"59":{"start":{"line":60,"column":0},"end":{"line":60,"column":30}},"60":{"start":{"line":61,"column":0},"end":{"line":61,"column":39}},"61":{"start":{"line":62,"column":0},"end":{"line":62,"column":3}},"62":{"start":{"line":63,"column":0},"end":{"line":63,"column":0}},"63":{"start":{"line":64,"column":0},"end":{"line":64,"column":38}},"64":{"start":{"line":65,"column":0},"end":{"line":65,"column":42}},"65":{"start":{"line":66,"column":0},"end":{"line":66,"column":0}},"66":{"start":{"line":67,"column":0},"end":{"line":67,"column":19}},"67":{"start":{"line":68,"column":0},"end":{"line":68,"column":30}},"68":{"start":{"line":69,"column":0},"end":{"line":69,"column":3}},"69":{"start":{"line":70,"column":0},"end":{"line":70,"column":0}},"70":{"start":{"line":71,"column":0},"end":{"line":71,"column":17}},"71":{"start":{"line":72,"column":0},"end":{"line":72,"column":28}},"72":{"start":{"line":73,"column":0},"end":{"line":73,"column":24}},"73":{"start":{"line":74,"column":0},"end":{"line":74,"column":26}},"74":{"start":{"line":75,"column":0},"end":{"line":75,"column":26}},"75":{"start":{"line":76,"column":0},"end":{"line":76,"column":31}},"76":{"start":{"line":77,"column":0},"end":{"line":77,"column":39}},"77":{"start":{"line":78,"column":0},"end":{"line":78,"column":43}},"78":{"start":{"line":79,"column":0},"end":{"line":79,"column":47}},"79":{"start":{"line":80,"column":0},"end":{"line":80,"column":5}},"80":{"start":{"line":81,"column":0},"end":{"line":81,"column":3}},"81":{"start":{"line":82,"column":0},"end":{"line":82,"column":0}},"82":{"start":{"line":83,"column":0},"end":{"line":83,"column":15}},"83":{"start":{"line":84,"column":0},"end":{"line":84,"column":25}},"84":{"start":{"line":85,"column":0},"end":{"line":85,"column":30}},"85":{"start":{"line":86,"column":0},"end":{"line":86,"column":3}},"86":{"start":{"line":87,"column":0},"end":{"line":87,"column":0}},"87":{"start":{"line":88,"column":0},"end":{"line":88,"column":24}},"88":{"start":{"line":89,"column":0},"end":{"line":89,"column":29}},"89":{"start":{"line":90,"column":0},"end":{"line":90,"column":3}},"90":{"start":{"line":91,"column":0},"end":{"line":91,"column":0}},"91":{"start":{"line":92,"column":0},"end":{"line":92,"column":13}},"92":{"start":{"line":93,"column":0},"end":{"line":93,"column":30}},"93":{"start":{"line":94,"column":0},"end":{"line":94,"column":29}},"94":{"start":{"line":95,"column":0},"end":{"line":95,"column":3}},"95":{"start":{"line":96,"column":0},"end":{"line":96,"column":0}},"96":{"start":{"line":97,"column":0},"end":{"line":97,"column":37}},"97":{"start":{"line":98,"column":0},"end":{"line":98,"column":0}},"98":{"start":{"line":99,"column":0},"end":{"line":99,"column":17}},"99":{"start":{"line":100,"column":0},"end":{"line":100,"column":64}},"100":{"start":{"line":101,"column":0},"end":{"line":101,"column":65}},"101":{"start":{"line":102,"column":0},"end":{"line":102,"column":38}},"102":{"start":{"line":103,"column":0},"end":{"line":103,"column":37}},"103":{"start":{"line":104,"column":0},"end":{"line":104,"column":33}},"104":{"start":{"line":105,"column":0},"end":{"line":105,"column":44}},"105":{"start":{"line":106,"column":0},"end":{"line":106,"column":7}},"106":{"start":{"line":107,"column":0},"end":{"line":107,"column":64}},"107":{"start":{"line":108,"column":0},"end":{"line":108,"column":29}},"108":{"start":{"line":109,"column":0},"end":{"line":109,"column":7}},"109":{"start":{"line":110,"column":0},"end":{"line":110,"column":60}},"110":{"start":{"line":111,"column":0},"end":{"line":111,"column":25}},"111":{"start":{"line":112,"column":0},"end":{"line":112,"column":65}},"112":{"start":{"line":113,"column":0},"end":{"line":113,"column":39}},"113":{"start":{"line":114,"column":0},"end":{"line":114,"column":46}},"114":{"start":{"line":115,"column":0},"end":{"line":115,"column":38}},"115":{"start":{"line":116,"column":0},"end":{"line":116,"column":7}},"116":{"start":{"line":117,"column":0},"end":{"line":117,"column":3}},"117":{"start":{"line":118,"column":0},"end":{"line":118,"column":0}},"118":{"start":{"line":119,"column":0},"end":{"line":119,"column":36}},"119":{"start":{"line":120,"column":0},"end":{"line":120,"column":55}},"120":{"start":{"line":121,"column":0},"end":{"line":121,"column":40}},"121":{"start":{"line":122,"column":0},"end":{"line":122,"column":53}},"122":{"start":{"line":123,"column":0},"end":{"line":123,"column":69}},"123":{"start":{"line":124,"column":0},"end":{"line":124,"column":6}},"124":{"start":{"line":125,"column":0},"end":{"line":125,"column":38}},"125":{"start":{"line":126,"column":0},"end":{"line":126,"column":3}},"126":{"start":{"line":127,"column":0},"end":{"line":127,"column":0}},"127":{"start":{"line":128,"column":0},"end":{"line":128,"column":16}},"128":{"start":{"line":129,"column":0},"end":{"line":129,"column":73}},"129":{"start":{"line":130,"column":0},"end":{"line":130,"column":70}},"130":{"start":{"line":131,"column":0},"end":{"line":131,"column":27}},"131":{"start":{"line":132,"column":0},"end":{"line":132,"column":9}},"132":{"start":{"line":133,"column":0},"end":{"line":133,"column":5}},"133":{"start":{"line":134,"column":0},"end":{"line":134,"column":3}},"134":{"start":{"line":135,"column":0},"end":{"line":135,"column":0}},"135":{"start":{"line":136,"column":0},"end":{"line":136,"column":16}},"136":{"start":{"line":137,"column":0},"end":{"line":137,"column":24}},"137":{"start":{"line":138,"column":0},"end":{"line":138,"column":21}},"138":{"start":{"line":139,"column":0},"end":{"line":139,"column":34}},"139":{"start":{"line":140,"column":0},"end":{"line":140,"column":6}},"140":{"start":{"line":141,"column":0},"end":{"line":141,"column":32}},"141":{"start":{"line":142,"column":0},"end":{"line":142,"column":3}},"142":{"start":{"line":143,"column":0},"end":{"line":143,"column":0}},"143":{"start":{"line":144,"column":0},"end":{"line":144,"column":13}},"144":{"start":{"line":145,"column":0},"end":{"line":145,"column":55}},"145":{"start":{"line":146,"column":0},"end":{"line":146,"column":0}},"146":{"start":{"line":147,"column":0},"end":{"line":147,"column":62}},"147":{"start":{"line":148,"column":0},"end":{"line":148,"column":29}},"148":{"start":{"line":149,"column":0},"end":{"line":149,"column":42}},"149":{"start":{"line":150,"column":0},"end":{"line":150,"column":5}},"150":{"start":{"line":151,"column":0},"end":{"line":151,"column":0}},"151":{"start":{"line":152,"column":0},"end":{"line":152,"column":27}},"152":{"start":{"line":153,"column":0},"end":{"line":153,"column":0}},"153":{"start":{"line":154,"column":0},"end":{"line":154,"column":94}},"154":{"start":{"line":155,"column":0},"end":{"line":155,"column":68}},"155":{"start":{"line":156,"column":0},"end":{"line":156,"column":21}},"156":{"start":{"line":157,"column":0},"end":{"line":157,"column":7}},"157":{"start":{"line":158,"column":0},"end":{"line":158,"column":0}},"158":{"start":{"line":159,"column":0},"end":{"line":159,"column":56}},"159":{"start":{"line":160,"column":0},"end":{"line":160,"column":74}},"160":{"start":{"line":161,"column":0},"end":{"line":161,"column":75}},"161":{"start":{"line":162,"column":0},"end":{"line":162,"column":0}},"162":{"start":{"line":163,"column":0},"end":{"line":163,"column":31}},"163":{"start":{"line":164,"column":0},"end":{"line":164,"column":13}},"164":{"start":{"line":165,"column":0},"end":{"line":165,"column":128}},"165":{"start":{"line":166,"column":0},"end":{"line":166,"column":14}},"166":{"start":{"line":167,"column":0},"end":{"line":167,"column":13}},"167":{"start":{"line":168,"column":0},"end":{"line":168,"column":136}},"168":{"start":{"line":169,"column":0},"end":{"line":169,"column":14}},"169":{"start":{"line":170,"column":0},"end":{"line":170,"column":13}},"170":{"start":{"line":171,"column":0},"end":{"line":171,"column":174}},"171":{"start":{"line":172,"column":0},"end":{"line":172,"column":14}},"172":{"start":{"line":173,"column":0},"end":{"line":173,"column":14}},"173":{"start":{"line":174,"column":0},"end":{"line":174,"column":136}},"174":{"start":{"line":175,"column":0},"end":{"line":175,"column":5}},"175":{"start":{"line":176,"column":0},"end":{"line":176,"column":0}},"176":{"start":{"line":177,"column":0},"end":{"line":177,"column":40}},"177":{"start":{"line":178,"column":0},"end":{"line":178,"column":28}},"178":{"start":{"line":179,"column":0},"end":{"line":179,"column":54}},"179":{"start":{"line":180,"column":0},"end":{"line":180,"column":97}},"180":{"start":{"line":181,"column":0},"end":{"line":181,"column":27}},"181":{"start":{"line":182,"column":0},"end":{"line":182,"column":41}},"182":{"start":{"line":183,"column":0},"end":{"line":183,"column":11}},"183":{"start":{"line":184,"column":0},"end":{"line":184,"column":7}},"184":{"start":{"line":185,"column":0},"end":{"line":185,"column":5}},"185":{"start":{"line":186,"column":0},"end":{"line":186,"column":0}},"186":{"start":{"line":187,"column":0},"end":{"line":187,"column":99}},"187":{"start":{"line":188,"column":0},"end":{"line":188,"column":22}},"188":{"start":{"line":189,"column":0},"end":{"line":189,"column":7}},"189":{"start":{"line":190,"column":0},"end":{"line":190,"column":0}},"190":{"start":{"line":191,"column":0},"end":{"line":191,"column":96}},"191":{"start":{"line":192,"column":0},"end":{"line":192,"column":126}},"192":{"start":{"line":193,"column":0},"end":{"line":193,"column":7}},"193":{"start":{"line":194,"column":0},"end":{"line":194,"column":3}},"194":{"start":{"line":195,"column":0},"end":{"line":195,"column":1}}},"s":{"0":1,"1":1,"2":1,"3":1,"4":1,"5":1,"6":1,"7":1,"8":1,"9":1,"10":1,"11":1,"12":1,"13":1,"14":1,"15":1,"16":1,"17":12,"18":12,"19":12,"20":12,"21":12,"22":12,"23":12,"24":12,"25":12,"26":12,"27":12,"28":12,"29":12,"30":12,"31":12,"32":12,"33":12,"34":12,"35":12,"36":12,"37":12,"38":12,"39":12,"40":12,"41":12,"42":12,"43":12,"44":12,"45":12,"46":12,"47":12,"48":12,"49":12,"50":12,"51":12,"52":1,"53":1,"54":13,"55":13,"56":13,"57":1,"58":1,"59":13,"60":13,"61":13,"62":1,"63":1,"64":1,"65":1,"66":1,"67":0,"68":0,"69":1,"70":1,"71":0,"72":0,"73":0,"74":0,"75":0,"76":0,"77":0,"78":0,"79":0,"80":0,"81":1,"82":1,"83":0,"84":0,"85":0,"86":1,"87":1,"88":0,"89":0,"90":1,"91":1,"92":11,"93":11,"94":11,"95":1,"96":1,"97":1,"98":1,"99":12,"100":0,"101":0,"102":0,"103":0,"104":0,"105":12,"106":12,"107":0,"108":12,"109":12,"110":0,"111":0,"112":0,"113":0,"114":0,"115":12,"116":12,"117":1,"118":1,"119":0,"120":0,"121":0,"122":0,"123":0,"124":0,"125":0,"126":1,"127":1,"128":12,"129":0,"130":0,"131":0,"132":0,"133":12,"134":1,"135":1,"136":12,"137":12,"138":12,"139":12,"140":12,"141":12,"142":1,"143":1,"144":12,"145":0,"146":0,"147":0,"148":0,"149":0,"150":0,"151":0,"152":0,"153":0,"154":12,"155":12,"156":12,"157":12,"158":12,"159":12,"160":12,"161":12,"162":12,"163":12,"164":0,"165":0,"166":12,"167":0,"168":0,"169":12,"170":0,"171":0,"172":12,"173":0,"174":12,"175":0,"176":0,"177":0,"178":0,"179":0,"180":0,"181":0,"182":0,"183":0,"184":0,"185":0,"186":0,"187":0,"188":0,"189":0,"190":0,"191":0,"192":0,"193":12,"194":1},"branchMap":{"0":{"type":"branch","line":17,"loc":{"start":{"line":17,"column":2},"end":{"line":52,"column":3}},"locations":[{"start":{"line":17,"column":2},"end":{"line":52,"column":3}}]},"1":{"type":"branch","line":19,"loc":{"start":{"line":19,"column":26},"end":{"line":19,"column":35}},"locations":[{"start":{"line":19,"column":26},"end":{"line":19,"column":35}}]},"2":{"type":"branch","line":20,"loc":{"start":{"line":20,"column":30},"end":{"line":20,"column":37}},"locations":[{"start":{"line":20,"column":30},"end":{"line":20,"column":37}}]},"3":{"type":"branch","line":54,"loc":{"start":{"line":54,"column":2},"end":{"line":57,"column":3}},"locations":[{"start":{"line":54,"column":2},"end":{"line":57,"column":3}}]},"4":{"type":"branch","line":59,"loc":{"start":{"line":59,"column":2},"end":{"line":62,"column":3}},"locations":[{"start":{"line":59,"column":2},"end":{"line":62,"column":3}}]},"5":{"type":"branch","line":64,"loc":{"start":{"line":64,"column":2},"end":{"line":64,"column":38}},"locations":[{"start":{"line":64,"column":2},"end":{"line":64,"column":38}}]},"6":{"type":"branch","line":65,"loc":{"start":{"line":65,"column":2},"end":{"line":65,"column":42}},"locations":[{"start":{"line":65,"column":2},"end":{"line":65,"column":42}}]},"7":{"type":"branch","line":92,"loc":{"start":{"line":92,"column":2},"end":{"line":95,"column":3}},"locations":[{"start":{"line":92,"column":2},"end":{"line":95,"column":3}}]},"8":{"type":"branch","line":97,"loc":{"start":{"line":97,"column":2},"end":{"line":97,"column":37}},"locations":[{"start":{"line":97,"column":2},"end":{"line":97,"column":37}}]},"9":{"type":"branch","line":99,"loc":{"start":{"line":99,"column":2},"end":{"line":117,"column":3}},"locations":[{"start":{"line":99,"column":2},"end":{"line":117,"column":3}}]},"10":{"type":"branch","line":128,"loc":{"start":{"line":128,"column":2},"end":{"line":134,"column":3}},"locations":[{"start":{"line":128,"column":2},"end":{"line":134,"column":3}}]},"11":{"type":"branch","line":129,"loc":{"start":{"line":129,"column":23},"end":{"line":129,"column":70}},"locations":[{"start":{"line":129,"column":23},"end":{"line":129,"column":70}}]},"12":{"type":"branch","line":129,"loc":{"start":{"line":129,"column":72},"end":{"line":133,"column":5}},"locations":[{"start":{"line":129,"column":72},"end":{"line":133,"column":5}}]},"13":{"type":"branch","line":136,"loc":{"start":{"line":136,"column":2},"end":{"line":142,"column":3}},"locations":[{"start":{"line":136,"column":2},"end":{"line":142,"column":3}}]},"14":{"type":"branch","line":137,"loc":{"start":{"line":137,"column":17},"end":{"line":140,"column":5}},"locations":[{"start":{"line":137,"column":17},"end":{"line":140,"column":5}}]},"15":{"type":"branch","line":144,"loc":{"start":{"line":144,"column":2},"end":{"line":194,"column":3}},"locations":[{"start":{"line":144,"column":2},"end":{"line":194,"column":3}}]},"16":{"type":"branch","line":145,"loc":{"start":{"line":145,"column":54},"end":{"line":155,"column":55}},"locations":[{"start":{"line":145,"column":54},"end":{"line":155,"column":55}}]},"17":{"type":"branch","line":155,"loc":{"start":{"line":155,"column":56},"end":{"line":155,"column":67}},"locations":[{"start":{"line":155,"column":56},"end":{"line":155,"column":67}}]},"18":{"type":"branch","line":160,"loc":{"start":{"line":160,"column":6},"end":{"line":160,"column":74}},"locations":[{"start":{"line":160,"column":6},"end":{"line":160,"column":74}}]},"19":{"type":"branch","line":161,"loc":{"start":{"line":161,"column":6},"end":{"line":161,"column":74}},"locations":[{"start":{"line":161,"column":6},"end":{"line":161,"column":74}}]},"20":{"type":"branch","line":164,"loc":{"start":{"line":164,"column":6},"end":{"line":166,"column":14}},"locations":[{"start":{"line":164,"column":6},"end":{"line":166,"column":14}}]},"21":{"type":"branch","line":167,"loc":{"start":{"line":167,"column":6},"end":{"line":169,"column":14}},"locations":[{"start":{"line":167,"column":6},"end":{"line":169,"column":14}}]},"22":{"type":"branch","line":170,"loc":{"start":{"line":170,"column":6},"end":{"line":172,"column":14}},"locations":[{"start":{"line":170,"column":6},"end":{"line":172,"column":14}}]},"23":{"type":"branch","line":173,"loc":{"start":{"line":173,"column":6},"end":{"line":174,"column":136}},"locations":[{"start":{"line":173,"column":6},"end":{"line":174,"column":136}}]},"24":{"type":"branch","line":175,"loc":{"start":{"line":175,"column":4},"end":{"line":194,"column":2}},"locations":[{"start":{"line":175,"column":4},"end":{"line":194,"column":2}}]}},"b":{"0":[12],"1":[0],"2":[0],"3":[13],"4":[13],"5":[2],"6":[1],"7":[11],"8":[1],"9":[12],"10":[12],"11":[0],"12":[0],"13":[12],"14":[12],"15":[12],"16":[0],"17":[0],"18":[0],"19":[0],"20":[0],"21":[0],"22":[0],"23":[0],"24":[0]},"fnMap":{"0":{"name":"Chart","decl":{"start":{"line":17,"column":2},"end":{"line":52,"column":3}},"loc":{"start":{"line":17,"column":2},"end":{"line":52,"column":3}},"line":17},"1":{"name":"setSymbol","decl":{"start":{"line":54,"column":2},"end":{"line":57,"column":3}},"loc":{"start":{"line":54,"column":2},"end":{"line":57,"column":3}},"line":54},"2":{"name":"setInterval","decl":{"start":{"line":59,"column":2},"end":{"line":62,"column":3}},"loc":{"start":{"line":59,"column":2},"end":{"line":62,"column":3}},"line":59},"3":{"name":"getSymbol","decl":{"start":{"line":64,"column":2},"end":{"line":64,"column":38}},"loc":{"start":{"line":64,"column":2},"end":{"line":64,"column":38}},"line":64},"4":{"name":"getInterval","decl":{"start":{"line":65,"column":2},"end":{"line":65,"column":42}},"loc":{"start":{"line":65,"column":2},"end":{"line":65,"column":42}},"line":65},"5":{"name":"addStudy","decl":{"start":{"line":67,"column":2},"end":{"line":69,"column":3}},"loc":{"start":{"line":67,"column":2},"end":{"line":69,"column":3}},"line":67},"6":{"name":"setData","decl":{"start":{"line":71,"column":2},"end":{"line":81,"column":3}},"loc":{"start":{"line":71,"column":2},"end":{"line":81,"column":3}},"line":71},"7":{"name":"addBar","decl":{"start":{"line":83,"column":2},"end":{"line":86,"column":3}},"loc":{"start":{"line":83,"column":2},"end":{"line":86,"column":3}},"line":83},"8":{"name":"setChartStyle","decl":{"start":{"line":88,"column":2},"end":{"line":90,"column":3}},"loc":{"start":{"line":88,"column":2},"end":{"line":90,"column":3}},"line":88},"9":{"name":"destroy","decl":{"start":{"line":92,"column":2},"end":{"line":95,"column":3}},"loc":{"start":{"line":92,"column":2},"end":{"line":95,"column":3}},"line":92},"10":{"name":"get state","decl":{"start":{"line":97,"column":2},"end":{"line":97,"column":37}},"loc":{"start":{"line":97,"column":2},"end":{"line":97,"column":37}},"line":97},"11":{"name":"_setupMouse","decl":{"start":{"line":99,"column":2},"end":{"line":117,"column":3}},"loc":{"start":{"line":99,"column":2},"end":{"line":117,"column":3}},"line":99},"12":{"name":"_updateLegendFromCrosshair","decl":{"start":{"line":119,"column":2},"end":{"line":126,"column":3}},"loc":{"start":{"line":119,"column":2},"end":{"line":126,"column":3}},"line":119},"13":{"name":"_setupData","decl":{"start":{"line":128,"column":2},"end":{"line":134,"column":3}},"loc":{"start":{"line":128,"column":2},"end":{"line":134,"column":3}},"line":128},"14":{"name":"_startLoop","decl":{"start":{"line":136,"column":2},"end":{"line":142,"column":3}},"loc":{"start":{"line":136,"column":2},"end":{"line":142,"column":3}},"line":136},"15":{"name":"loop","decl":{"start":{"line":137,"column":17},"end":{"line":140,"column":5}},"loc":{"start":{"line":137,"column":17},"end":{"line":140,"column":5}},"line":137},"16":{"name":"_render","decl":{"start":{"line":144,"column":2},"end":{"line":194,"column":3}},"loc":{"start":{"line":144,"column":2},"end":{"line":194,"column":3}},"line":144}},"f":{"0":12,"1":13,"2":13,"3":2,"4":1,"5":0,"6":0,"7":0,"8":0,"9":11,"10":1,"11":12,"12":0,"13":12,"14":12,"15":12,"16":12}}
,"C:\\Users\\A\\Downloads\\New folder-Charting-Solution\\Charting-Solution-White-Label\\reconstruction\\phase-10-integration\\src\\chart\\CompareSymbol.js": {"path":"C:\\Users\\A\\Downloads\\New folder-Charting-Solution\\Charting-Solution-White-Label\\reconstruction\\phase-10-integration\\src\\chart\\CompareSymbol.js","all":false,"statementMap":{"0":{"start":{"line":1,"column":0},"end":{"line":1,"column":28}},"1":{"start":{"line":2,"column":0},"end":{"line":2,"column":43}},"2":{"start":{"line":3,"column":0},"end":{"line":3,"column":25}},"3":{"start":{"line":4,"column":0},"end":{"line":4,"column":27}},"4":{"start":{"line":5,"column":0},"end":{"line":5,"column":62}},"5":{"start":{"line":6,"column":0},"end":{"line":6,"column":59}},"6":{"start":{"line":7,"column":0},"end":{"line":7,"column":25}},"7":{"start":{"line":8,"column":0},"end":{"line":8,"column":3}},"8":{"start":{"line":9,"column":0},"end":{"line":9,"column":0}},"9":{"start":{"line":10,"column":0},"end":{"line":10,"column":17}},"10":{"start":{"line":11,"column":0},"end":{"line":11,"column":27}},"11":{"start":{"line":12,"column":0},"end":{"line":12,"column":59}},"12":{"start":{"line":13,"column":0},"end":{"line":13,"column":3}},"13":{"start":{"line":14,"column":0},"end":{"line":14,"column":0}},"14":{"start":{"line":15,"column":0},"end":{"line":15,"column":23}},"15":{"start":{"line":16,"column":0},"end":{"line":16,"column":28}},"16":{"start":{"line":17,"column":0},"end":{"line":17,"column":3}},"17":{"start":{"line":18,"column":0},"end":{"line":18,"column":0}},"18":{"start":{"line":19,"column":0},"end":{"line":19,"column":23}},"19":{"start":{"line":20,"column":0},"end":{"line":20,"column":60}},"20":{"start":{"line":21,"column":0},"end":{"line":21,"column":24}},"21":{"start":{"line":22,"column":0},"end":{"line":22,"column":32}},"22":{"start":{"line":23,"column":0},"end":{"line":23,"column":77}},"23":{"start":{"line":24,"column":0},"end":{"line":24,"column":5}},"24":{"start":{"line":25,"column":0},"end":{"line":25,"column":31}},"25":{"start":{"line":26,"column":0},"end":{"line":26,"column":36}},"26":{"start":{"line":27,"column":0},"end":{"line":27,"column":64}},"27":{"start":{"line":28,"column":0},"end":{"line":28,"column":30}},"28":{"start":{"line":29,"column":0},"end":{"line":29,"column":3}},"29":{"start":{"line":30,"column":0},"end":{"line":30,"column":0}},"30":{"start":{"line":31,"column":0},"end":{"line":31,"column":62}},"31":{"start":{"line":32,"column":0},"end":{"line":32,"column":57}},"32":{"start":{"line":33,"column":0},"end":{"line":33,"column":50}},"33":{"start":{"line":34,"column":0},"end":{"line":34,"column":34}},"34":{"start":{"line":35,"column":0},"end":{"line":35,"column":32}},"35":{"start":{"line":36,"column":0},"end":{"line":36,"column":20}},"36":{"start":{"line":37,"column":0},"end":{"line":37,"column":24}},"37":{"start":{"line":38,"column":0},"end":{"line":38,"column":34}},"38":{"start":{"line":39,"column":0},"end":{"line":39,"column":43}},"39":{"start":{"line":40,"column":0},"end":{"line":40,"column":72}},"40":{"start":{"line":41,"column":0},"end":{"line":41,"column":41}},"41":{"start":{"line":42,"column":0},"end":{"line":42,"column":43}},"42":{"start":{"line":43,"column":0},"end":{"line":43,"column":84}},"43":{"start":{"line":44,"column":0},"end":{"line":44,"column":5}},"44":{"start":{"line":45,"column":0},"end":{"line":45,"column":17}},"45":{"start":{"line":46,"column":0},"end":{"line":46,"column":3}},"46":{"start":{"line":47,"column":0},"end":{"line":47,"column":1}}},"s":{"0":1,"1":1,"2":3,"3":3,"4":3,"5":3,"6":3,"7":3,"8":1,"9":1,"10":0,"11":0,"12":0,"13":1,"14":1,"15":1,"16":1,"17":1,"18":1,"19":3,"20":1,"21":3,"22":3,"23":3,"24":1,"25":3,"26":3,"27":1,"28":3,"29":1,"30":1,"31":0,"32":0,"33":0,"34":0,"35":0,"36":0,"37":0,"38":0,"39":0,"40":0,"41":0,"42":0,"43":0,"44":0,"45":0,"46":1},"branchMap":{"0":{"type":"branch","line":2,"loc":{"start":{"line":2,"column":2},"end":{"line":8,"column":3}},"locations":[{"start":{"line":2,"column":2},"end":{"line":8,"column":3}}]},"1":{"type":"branch","line":4,"loc":{"start":{"line":4,"column":21},"end":{"line":4,"column":26}},"locations":[{"start":{"line":4,"column":21},"end":{"line":4,"column":26}}]},"2":{"type":"branch","line":6,"loc":{"start":{"line":6,"column":37},"end":{"line":6,"column":52}},"locations":[{"start":{"line":6,"column":37},"end":{"line":6,"column":52}}]},"3":{"type":"branch","line":6,"loc":{"start":{"line":6,"column":53},"end":{"line":6,"column":58}},"locations":[{"start":{"line":6,"column":53},"end":{"line":6,"column":58}}]},"4":{"type":"branch","line":15,"loc":{"start":{"line":15,"column":2},"end":{"line":17,"column":3}},"locations":[{"start":{"line":15,"column":2},"end":{"line":17,"column":3}}]},"5":{"type":"branch","line":19,"loc":{"start":{"line":19,"column":2},"end":{"line":29,"column":3}},"locations":[{"start":{"line":19,"column":2},"end":{"line":29,"column":3}}]},"6":{"type":"branch","line":20,"loc":{"start":{"line":20,"column":23},"end":{"line":20,"column":48}},"locations":[{"start":{"line":20,"column":23},"end":{"line":20,"column":48}}]},"7":{"type":"branch","line":20,"loc":{"start":{"line":20,"column":50},"end":{"line":20,"column":60}},"locations":[{"start":{"line":20,"column":50},"end":{"line":20,"column":60}}]},"8":{"type":"branch","line":20,"loc":{"start":{"line":20,"column":59},"end":{"line":22,"column":31}},"locations":[{"start":{"line":20,"column":59},"end":{"line":22,"column":31}}]},"9":{"type":"branch","line":24,"loc":{"start":{"line":24,"column":4},"end":{"line":29,"column":2}},"locations":[{"start":{"line":24,"column":4},"end":{"line":29,"column":2}}]},"10":{"type":"branch","line":25,"loc":{"start":{"line":25,"column":24},"end":{"line":28,"column":5}},"locations":[{"start":{"line":25,"column":24},"end":{"line":28,"column":5}}]},"11":{"type":"branch","line":27,"loc":{"start":{"line":27,"column":57},"end":{"line":27,"column":63}},"locations":[{"start":{"line":27,"column":57},"end":{"line":27,"column":63}}]},"12":{"type":"branch","line":28,"loc":{"start":{"line":28,"column":14},"end":{"line":28,"column":28}},"locations":[{"start":{"line":28,"column":14},"end":{"line":28,"column":28}}]}},"b":{"0":[3],"1":[0],"2":[2],"3":[1],"4":[1],"5":[3],"6":[2],"7":[2],"8":[1],"9":[1],"10":[3],"11":[0],"12":[3]},"fnMap":{"0":{"name":"CompareSymbol","decl":{"start":{"line":2,"column":2},"end":{"line":8,"column":3}},"loc":{"start":{"line":2,"column":2},"end":{"line":8,"column":3}},"line":2},"1":{"name":"setBars","decl":{"start":{"line":10,"column":2},"end":{"line":13,"column":3}},"loc":{"start":{"line":10,"column":2},"end":{"line":13,"column":3}},"line":10},"2":{"name":"setVisible","decl":{"start":{"line":15,"column":2},"end":{"line":17,"column":3}},"loc":{"start":{"line":15,"column":2},"end":{"line":17,"column":3}},"line":15},"3":{"name":"calculate","decl":{"start":{"line":19,"column":2},"end":{"line":29,"column":3}},"loc":{"start":{"line":19,"column":2},"end":{"line":29,"column":3}},"line":19},"4":{"name":"render","decl":{"start":{"line":31,"column":2},"end":{"line":46,"column":3}},"loc":{"start":{"line":31,"column":2},"end":{"line":46,"column":3}},"line":31}},"f":{"0":3,"1":0,"2":1,"3":3,"4":0}}
,"C:\\Users\\A\\Downloads\\New folder-Charting-Solution\\Charting-Solution-White-Label\\reconstruction\\phase-10-integration\\src\\chart\\PriceScale.js": {"path":"C:\\Users\\A\\Downloads\\New folder-Charting-Solution\\Charting-Solution-White-Label\\reconstruction\\phase-10-integration\\src\\chart\\PriceScale.js","all":false,"statementMap":{"0":{"start":{"line":1,"column":0},"end":{"line":1,"column":40}},"1":{"start":{"line":2,"column":0},"end":{"line":2,"column":12}},"2":{"start":{"line":3,"column":0},"end":{"line":3,"column":9}},"3":{"start":{"line":4,"column":0},"end":{"line":4,"column":16}},"4":{"start":{"line":5,"column":0},"end":{"line":5,"column":19}},"5":{"start":{"line":6,"column":0},"end":{"line":6,"column":3}},"6":{"start":{"line":7,"column":0},"end":{"line":7,"column":0}},"7":{"start":{"line":8,"column":0},"end":{"line":8,"column":25}},"8":{"start":{"line":9,"column":0},"end":{"line":9,"column":48}},"9":{"start":{"line":10,"column":0},"end":{"line":10,"column":26}},"10":{"start":{"line":11,"column":0},"end":{"line":11,"column":22}},"11":{"start":{"line":12,"column":0},"end":{"line":12,"column":18}},"12":{"start":{"line":13,"column":0},"end":{"line":13,"column":20}},"13":{"start":{"line":14,"column":0},"end":{"line":14,"column":25}},"14":{"start":{"line":15,"column":0},"end":{"line":15,"column":27}},"15":{"start":{"line":16,"column":0},"end":{"line":16,"column":24}},"16":{"start":{"line":17,"column":0},"end":{"line":17,"column":27}},"17":{"start":{"line":18,"column":0},"end":{"line":18,"column":3}},"18":{"start":{"line":19,"column":0},"end":{"line":19,"column":0}},"19":{"start":{"line":20,"column":0},"end":{"line":20,"column":35}},"20":{"start":{"line":21,"column":0},"end":{"line":21,"column":0}},"21":{"start":{"line":22,"column":0},"end":{"line":22,"column":17}},"22":{"start":{"line":23,"column":0},"end":{"line":23,"column":50}},"23":{"start":{"line":24,"column":0},"end":{"line":24,"column":24}},"24":{"start":{"line":25,"column":0},"end":{"line":25,"column":5}},"25":{"start":{"line":26,"column":0},"end":{"line":26,"column":3}},"26":{"start":{"line":27,"column":0},"end":{"line":27,"column":0}},"27":{"start":{"line":28,"column":0},"end":{"line":28,"column":18}},"28":{"start":{"line":29,"column":0},"end":{"line":29,"column":26}},"29":{"start":{"line":30,"column":0},"end":{"line":30,"column":3}},"30":{"start":{"line":31,"column":0},"end":{"line":31,"column":0}},"31":{"start":{"line":32,"column":0},"end":{"line":32,"column":19}},"32":{"start":{"line":33,"column":0},"end":{"line":33,"column":43}},"33":{"start":{"line":34,"column":0},"end":{"line":34,"column":23}},"34":{"start":{"line":35,"column":0},"end":{"line":35,"column":24}},"35":{"start":{"line":36,"column":0},"end":{"line":36,"column":29}},"36":{"start":{"line":37,"column":0},"end":{"line":37,"column":39}},"37":{"start":{"line":38,"column":0},"end":{"line":38,"column":41}},"38":{"start":{"line":39,"column":0},"end":{"line":39,"column":5}},"39":{"start":{"line":40,"column":0},"end":{"line":40,"column":89}},"40":{"start":{"line":41,"column":0},"end":{"line":41,"column":38}},"41":{"start":{"line":42,"column":0},"end":{"line":42,"column":5}},"42":{"start":{"line":43,"column":0},"end":{"line":43,"column":33}},"43":{"start":{"line":44,"column":0},"end":{"line":44,"column":44}},"44":{"start":{"line":45,"column":0},"end":{"line":45,"column":44}},"45":{"start":{"line":46,"column":0},"end":{"line":46,"column":3}},"46":{"start":{"line":47,"column":0},"end":{"line":47,"column":0}},"47":{"start":{"line":48,"column":0},"end":{"line":48,"column":22}},"48":{"start":{"line":49,"column":0},"end":{"line":49,"column":20}},"49":{"start":{"line":50,"column":0},"end":{"line":50,"column":20}},"50":{"start":{"line":51,"column":0},"end":{"line":51,"column":3}},"51":{"start":{"line":52,"column":0},"end":{"line":52,"column":0}},"52":{"start":{"line":53,"column":0},"end":{"line":53,"column":19}},"53":{"start":{"line":54,"column":0},"end":{"line":54,"column":71}},"54":{"start":{"line":55,"column":0},"end":{"line":55,"column":19}},"55":{"start":{"line":56,"column":0},"end":{"line":56,"column":25}},"56":{"start":{"line":57,"column":0},"end":{"line":57,"column":27}},"57":{"start":{"line":58,"column":0},"end":{"line":58,"column":42}},"58":{"start":{"line":59,"column":0},"end":{"line":59,"column":48}},"59":{"start":{"line":60,"column":0},"end":{"line":60,"column":48}},"60":{"start":{"line":61,"column":0},"end":{"line":61,"column":85}},"61":{"start":{"line":62,"column":0},"end":{"line":62,"column":14}},"62":{"start":{"line":63,"column":0},"end":{"line":63,"column":7}},"63":{"start":{"line":64,"column":0},"end":{"line":64,"column":34}},"64":{"start":{"line":65,"column":0},"end":{"line":65,"column":50}},"65":{"start":{"line":66,"column":0},"end":{"line":66,"column":50}},"66":{"start":{"line":67,"column":0},"end":{"line":67,"column":57}},"67":{"start":{"line":68,"column":0},"end":{"line":68,"column":57}},"68":{"start":{"line":69,"column":0},"end":{"line":69,"column":43}},"69":{"start":{"line":70,"column":0},"end":{"line":70,"column":44}},"70":{"start":{"line":71,"column":0},"end":{"line":71,"column":14}},"71":{"start":{"line":72,"column":0},"end":{"line":72,"column":7}},"72":{"start":{"line":73,"column":0},"end":{"line":73,"column":38}},"73":{"start":{"line":74,"column":0},"end":{"line":74,"column":50}},"74":{"start":{"line":75,"column":0},"end":{"line":75,"column":41}},"75":{"start":{"line":76,"column":0},"end":{"line":76,"column":48}},"76":{"start":{"line":77,"column":0},"end":{"line":77,"column":48}},"77":{"start":{"line":78,"column":0},"end":{"line":78,"column":43}},"78":{"start":{"line":79,"column":0},"end":{"line":79,"column":44}},"79":{"start":{"line":80,"column":0},"end":{"line":80,"column":14}},"80":{"start":{"line":81,"column":0},"end":{"line":81,"column":7}},"81":{"start":{"line":82,"column":0},"end":{"line":82,"column":16}},"82":{"start":{"line":83,"column":0},"end":{"line":83,"column":49}},"83":{"start":{"line":84,"column":0},"end":{"line":84,"column":49}},"84":{"start":{"line":85,"column":0},"end":{"line":85,"column":7}},"85":{"start":{"line":86,"column":0},"end":{"line":86,"column":5}},"86":{"start":{"line":87,"column":0},"end":{"line":87,"column":55}},"87":{"start":{"line":88,"column":0},"end":{"line":88,"column":3}},"88":{"start":{"line":89,"column":0},"end":{"line":89,"column":0}},"89":{"start":{"line":90,"column":0},"end":{"line":90,"column":20}},"90":{"start":{"line":91,"column":0},"end":{"line":91,"column":71}},"91":{"start":{"line":92,"column":0},"end":{"line":92,"column":63}},"92":{"start":{"line":93,"column":0},"end":{"line":93,"column":25}},"93":{"start":{"line":94,"column":0},"end":{"line":94,"column":27}},"94":{"start":{"line":95,"column":0},"end":{"line":95,"column":48}},"95":{"start":{"line":96,"column":0},"end":{"line":96,"column":48}},"96":{"start":{"line":97,"column":0},"end":{"line":97,"column":86}},"97":{"start":{"line":98,"column":0},"end":{"line":98,"column":7}},"98":{"start":{"line":99,"column":0},"end":{"line":99,"column":34}},"99":{"start":{"line":100,"column":0},"end":{"line":100,"column":50}},"100":{"start":{"line":101,"column":0},"end":{"line":101,"column":57}},"101":{"start":{"line":102,"column":0},"end":{"line":102,"column":57}},"102":{"start":{"line":103,"column":0},"end":{"line":103,"column":60}},"103":{"start":{"line":104,"column":0},"end":{"line":104,"column":38}},"104":{"start":{"line":105,"column":0},"end":{"line":105,"column":7}},"105":{"start":{"line":106,"column":0},"end":{"line":106,"column":38}},"106":{"start":{"line":107,"column":0},"end":{"line":107,"column":50}},"107":{"start":{"line":108,"column":0},"end":{"line":108,"column":48}},"108":{"start":{"line":109,"column":0},"end":{"line":109,"column":48}},"109":{"start":{"line":110,"column":0},"end":{"line":110,"column":60}},"110":{"start":{"line":111,"column":0},"end":{"line":111,"column":34}},"111":{"start":{"line":112,"column":0},"end":{"line":112,"column":7}},"112":{"start":{"line":113,"column":0},"end":{"line":113,"column":16}},"113":{"start":{"line":114,"column":0},"end":{"line":114,"column":64}},"114":{"start":{"line":115,"column":0},"end":{"line":115,"column":7}},"115":{"start":{"line":116,"column":0},"end":{"line":116,"column":5}},"116":{"start":{"line":117,"column":0},"end":{"line":117,"column":3}},"117":{"start":{"line":118,"column":0},"end":{"line":118,"column":0}},"118":{"start":{"line":119,"column":0},"end":{"line":119,"column":33}},"119":{"start":{"line":120,"column":0},"end":{"line":120,"column":33}},"120":{"start":{"line":121,"column":0},"end":{"line":121,"column":45}},"121":{"start":{"line":122,"column":0},"end":{"line":122,"column":1}}},"s":{"0":1,"1":1,"2":1,"3":1,"4":1,"5":1,"6":1,"7":1,"8":1,"9":4,"10":4,"11":4,"12":4,"13":4,"14":4,"15":4,"16":4,"17":4,"18":1,"19":1,"20":1,"21":1,"22":0,"23":0,"24":0,"25":0,"26":1,"27":1,"28":0,"29":0,"30":1,"31":1,"32":4,"33":4,"34":4,"35":4,"36":20,"37":20,"38":20,"39":4,"40":2,"41":2,"42":4,"43":4,"44":4,"45":4,"46":1,"47":1,"48":0,"49":0,"50":0,"51":1,"52":1,"53":5,"54":5,"55":5,"56":5,"57":1,"58":1,"59":1,"60":1,"61":1,"62":1,"63":5,"64":2,"65":2,"66":2,"67":2,"68":2,"69":2,"70":2,"71":2,"72":5,"73":1,"74":1,"75":1,"76":1,"77":1,"78":1,"79":1,"80":1,"81":5,"82":1,"83":1,"84":1,"85":5,"86":5,"87":5,"88":1,"89":1,"90":2,"91":2,"92":2,"93":2,"94":0,"95":0,"96":0,"97":0,"98":2,"99":0,"100":0,"101":0,"102":0,"103":0,"104":0,"105":2,"106":1,"107":1,"108":1,"109":1,"110":1,"111":1,"112":2,"113":1,"114":1,"115":2,"116":2,"117":1,"118":1,"119":1,"120":1,"121":1},"branchMap":{"0":{"type":"branch","line":9,"loc":{"start":{"line":9,"column":2},"end":{"line":18,"column":3}},"locations":[{"start":{"line":9,"column":2},"end":{"line":18,"column":3}}]},"1":{"type":"branch","line":32,"loc":{"start":{"line":32,"column":2},"end":{"line":46,"column":3}},"locations":[{"start":{"line":32,"column":2},"end":{"line":46,"column":3}}]},"2":{"type":"branch","line":33,"loc":{"start":{"line":33,"column":36},"end":{"line":33,"column":43}},"locations":[{"start":{"line":33,"column":36},"end":{"line":33,"column":43}}]},"3":{"type":"branch","line":36,"loc":{"start":{"line":36,"column":28},"end":{"line":39,"column":5}},"locations":[{"start":{"line":36,"column":28},"end":{"line":39,"column":5}}]},"4":{"type":"branch","line":37,"loc":{"start":{"line":37,"column":25},"end":{"line":37,"column":39}},"locations":[{"start":{"line":37,"column":25},"end":{"line":37,"column":39}}]},"5":{"type":"branch","line":38,"loc":{"start":{"line":38,"column":26},"end":{"line":38,"column":41}},"locations":[{"start":{"line":38,"column":26},"end":{"line":38,"column":41}}]},"6":{"type":"branch","line":40,"loc":{"start":{"line":40,"column":44},"end":{"line":40,"column":86}},"locations":[{"start":{"line":40,"column":44},"end":{"line":40,"column":86}}]},"7":{"type":"branch","line":40,"loc":{"start":{"line":40,"column":88},"end":{"line":42,"column":5}},"locations":[{"start":{"line":40,"column":88},"end":{"line":42,"column":5}}]},"8":{"type":"branch","line":43,"loc":{"start":{"line":43,"column":28},"end":{"line":43,"column":32}},"locations":[{"start":{"line":43,"column":28},"end":{"line":43,"column":32}}]},"9":{"type":"branch","line":53,"loc":{"start":{"line":53,"column":2},"end":{"line":88,"column":3}},"locations":[{"start":{"line":53,"column":2},"end":{"line":88,"column":3}}]},"10":{"type":"branch","line":57,"loc":{"start":{"line":57,"column":6},"end":{"line":63,"column":7}},"locations":[{"start":{"line":57,"column":6},"end":{"line":63,"column":7}}]},"11":{"type":"branch","line":64,"loc":{"start":{"line":64,"column":6},"end":{"line":72,"column":7}},"locations":[{"start":{"line":64,"column":6},"end":{"line":72,"column":7}}]},"12":{"type":"branch","line":65,"loc":{"start":{"line":65,"column":37},"end":{"line":65,"column":49}},"locations":[{"start":{"line":65,"column":37},"end":{"line":65,"column":49}}]},"13":{"type":"branch","line":69,"loc":{"start":{"line":69,"column":38},"end":{"line":69,"column":42}},"locations":[{"start":{"line":69,"column":38},"end":{"line":69,"column":42}}]},"14":{"type":"branch","line":73,"loc":{"start":{"line":73,"column":6},"end":{"line":81,"column":7}},"locations":[{"start":{"line":73,"column":6},"end":{"line":81,"column":7}}]},"15":{"type":"branch","line":74,"loc":{"start":{"line":74,"column":37},"end":{"line":74,"column":49}},"locations":[{"start":{"line":74,"column":37},"end":{"line":74,"column":49}}]},"16":{"type":"branch","line":78,"loc":{"start":{"line":78,"column":38},"end":{"line":78,"column":42}},"locations":[{"start":{"line":78,"column":38},"end":{"line":78,"column":42}}]},"17":{"type":"branch","line":82,"loc":{"start":{"line":82,"column":6},"end":{"line":85,"column":7}},"locations":[{"start":{"line":82,"column":6},"end":{"line":85,"column":7}}]},"18":{"type":"branch","line":83,"loc":{"start":{"line":83,"column":44},"end":{"line":83,"column":48}},"locations":[{"start":{"line":83,"column":44},"end":{"line":83,"column":48}}]},"19":{"type":"branch","line":90,"loc":{"start":{"line":90,"column":2},"end":{"line":117,"column":3}},"locations":[{"start":{"line":90,"column":2},"end":{"line":117,"column":3}}]},"20":{"type":"branch","line":94,"loc":{"start":{"line":94,"column":6},"end":{"line":98,"column":7}},"locations":[{"start":{"line":94,"column":6},"end":{"line":98,"column":7}}]},"21":{"type":"branch","line":99,"loc":{"start":{"line":99,"column":6},"end":{"line":105,"column":7}},"locations":[{"start":{"line":99,"column":6},"end":{"line":105,"column":7}}]},"22":{"type":"branch","line":106,"loc":{"start":{"line":106,"column":6},"end":{"line":112,"column":7}},"locations":[{"start":{"line":106,"column":6},"end":{"line":112,"column":7}}]},"23":{"type":"branch","line":107,"loc":{"start":{"line":107,"column":37},"end":{"line":107,"column":49}},"locations":[{"start":{"line":107,"column":37},"end":{"line":107,"column":49}}]},"24":{"type":"branch","line":113,"loc":{"start":{"line":113,"column":6},"end":{"line":115,"column":7}},"locations":[{"start":{"line":113,"column":6},"end":{"line":115,"column":7}}]}},"b":{"0":[4],"1":[4],"2":[0],"3":[20],"4":[8],"5":[12],"6":[3],"7":[2],"8":[0],"9":[5],"10":[1],"11":[2],"12":[0],"13":[0],"14":[1],"15":[0],"16":[0],"17":[1],"18":[0],"19":[2],"20":[0],"21":[0],"22":[1],"23":[0],"24":[1]},"fnMap":{"0":{"name":"PriceScale","decl":{"start":{"line":9,"column":2},"end":{"line":18,"column":3}},"loc":{"start":{"line":9,"column":2},"end":{"line":18,"column":3}},"line":9},"1":{"name":"get mode","decl":{"start":{"line":20,"column":2},"end":{"line":20,"column":35}},"loc":{"start":{"line":20,"column":2},"end":{"line":20,"column":35}},"line":20},"2":{"name":"setMode","decl":{"start":{"line":22,"column":2},"end":{"line":26,"column":3}},"loc":{"start":{"line":22,"column":2},"end":{"line":26,"column":3}},"line":22},"3":{"name":"resize","decl":{"start":{"line":28,"column":2},"end":{"line":30,"column":3}},"loc":{"start":{"line":28,"column":2},"end":{"line":30,"column":3}},"line":28},"4":{"name":"autoScale","decl":{"start":{"line":32,"column":2},"end":{"line":46,"column":3}},"loc":{"start":{"line":32,"column":2},"end":{"line":46,"column":3}},"line":32},"5":{"name":"setRange","decl":{"start":{"line":48,"column":2},"end":{"line":51,"column":3}},"loc":{"start":{"line":48,"column":2},"end":{"line":51,"column":3}},"line":48},"6":{"name":"priceToY","decl":{"start":{"line":53,"column":2},"end":{"line":88,"column":3}},"loc":{"start":{"line":53,"column":2},"end":{"line":88,"column":3}},"line":53},"7":{"name":"yToPrice","decl":{"start":{"line":90,"column":2},"end":{"line":117,"column":3}},"loc":{"start":{"line":90,"column":2},"end":{"line":117,"column":3}},"line":90},"8":{"name":"get min","decl":{"start":{"line":119,"column":2},"end":{"line":119,"column":33}},"loc":{"start":{"line":119,"column":2},"end":{"line":119,"column":33}},"line":119},"9":{"name":"get max","decl":{"start":{"line":120,"column":2},"end":{"line":120,"column":33}},"loc":{"start":{"line":120,"column":2},"end":{"line":120,"column":33}},"line":120},"10":{"name":"get basePrice","decl":{"start":{"line":121,"column":2},"end":{"line":121,"column":45}},"loc":{"start":{"line":121,"column":2},"end":{"line":121,"column":45}},"line":121}},"f":{"0":4,"1":0,"2":0,"3":0,"4":4,"5":0,"6":5,"7":2,"8":0,"9":0,"10":0}}
,"C:\\Users\\A\\Downloads\\New folder-Charting-Solution\\Charting-Solution-White-Label\\reconstruction\\phase-10-integration\\src\\chart\\SessionBreaks.js": {"path":"C:\\Users\\A\\Downloads\\New folder-Charting-Solution\\Charting-Solution-White-Label\\reconstruction\\phase-10-integration\\src\\chart\\SessionBreaks.js","all":false,"statementMap":{"0":{"start":{"line":1,"column":0},"end":{"line":1,"column":28}},"1":{"start":{"line":2,"column":0},"end":{"line":2,"column":29}},"2":{"start":{"line":3,"column":0},"end":{"line":3,"column":131}},"3":{"start":{"line":4,"column":0},"end":{"line":4,"column":3}},"4":{"start":{"line":5,"column":0},"end":{"line":5,"column":0}},"5":{"start":{"line":6,"column":0},"end":{"line":6,"column":16}},"6":{"start":{"line":7,"column":0},"end":{"line":7,"column":44}},"7":{"start":{"line":8,"column":0},"end":{"line":8,"column":22}},"8":{"start":{"line":9,"column":0},"end":{"line":9,"column":43}},"9":{"start":{"line":10,"column":0},"end":{"line":10,"column":50}},"10":{"start":{"line":11,"column":0},"end":{"line":11,"column":44}},"11":{"start":{"line":12,"column":0},"end":{"line":12,"column":114}},"12":{"start":{"line":13,"column":0},"end":{"line":13,"column":7}},"13":{"start":{"line":14,"column":0},"end":{"line":14,"column":5}},"14":{"start":{"line":15,"column":0},"end":{"line":15,"column":18}},"15":{"start":{"line":16,"column":0},"end":{"line":16,"column":3}},"16":{"start":{"line":17,"column":0},"end":{"line":17,"column":0}},"17":{"start":{"line":18,"column":0},"end":{"line":18,"column":25}},"18":{"start":{"line":19,"column":0},"end":{"line":19,"column":41}},"19":{"start":{"line":20,"column":0},"end":{"line":20,"column":48}},"20":{"start":{"line":21,"column":0},"end":{"line":21,"column":3}},"21":{"start":{"line":22,"column":0},"end":{"line":22,"column":0}},"22":{"start":{"line":23,"column":0},"end":{"line":23,"column":62}},"23":{"start":{"line":24,"column":0},"end":{"line":24,"column":50}},"24":{"start":{"line":25,"column":0},"end":{"line":25,"column":34}},"25":{"start":{"line":26,"column":0},"end":{"line":26,"column":37}},"26":{"start":{"line":27,"column":0},"end":{"line":27,"column":30}},"27":{"start":{"line":28,"column":0},"end":{"line":28,"column":44}},"28":{"start":{"line":29,"column":0},"end":{"line":29,"column":42}},"29":{"start":{"line":30,"column":0},"end":{"line":30,"column":45}},"30":{"start":{"line":31,"column":0},"end":{"line":31,"column":70}},"31":{"start":{"line":32,"column":0},"end":{"line":32,"column":65}},"32":{"start":{"line":33,"column":0},"end":{"line":33,"column":5}},"33":{"start":{"line":34,"column":0},"end":{"line":34,"column":3}},"34":{"start":{"line":35,"column":0},"end":{"line":35,"column":0}},"35":{"start":{"line":36,"column":0},"end":{"line":36,"column":17}},"36":{"start":{"line":37,"column":0},"end":{"line":37,"column":22}},"37":{"start":{"line":38,"column":0},"end":{"line":38,"column":3}},"38":{"start":{"line":39,"column":0},"end":{"line":39,"column":1}}},"s":{"0":1,"1":1,"2":3,"3":3,"4":1,"5":1,"6":4,"7":2,"8":4,"9":4,"10":4,"11":1,"12":1,"13":4,"14":2,"15":4,"16":1,"17":1,"18":1,"19":1,"20":1,"21":1,"22":1,"23":0,"24":0,"25":0,"26":0,"27":0,"28":0,"29":0,"30":0,"31":0,"32":0,"33":0,"34":1,"35":1,"36":0,"37":0,"38":1},"branchMap":{"0":{"type":"branch","line":2,"loc":{"start":{"line":2,"column":2},"end":{"line":4,"column":3}},"locations":[{"start":{"line":2,"column":2},"end":{"line":4,"column":3}}]},"1":{"type":"branch","line":6,"loc":{"start":{"line":6,"column":2},"end":{"line":16,"column":3}},"locations":[{"start":{"line":6,"column":2},"end":{"line":16,"column":3}}]},"2":{"type":"branch","line":7,"loc":{"start":{"line":7,"column":34},"end":{"line":9,"column":42}},"locations":[{"start":{"line":7,"column":34},"end":{"line":9,"column":42}}]},"3":{"type":"branch","line":11,"loc":{"start":{"line":11,"column":43},"end":{"line":13,"column":7}},"locations":[{"start":{"line":11,"column":43},"end":{"line":13,"column":7}}]},"4":{"type":"branch","line":14,"loc":{"start":{"line":14,"column":4},"end":{"line":16,"column":2}},"locations":[{"start":{"line":14,"column":4},"end":{"line":16,"column":2}}]},"5":{"type":"branch","line":18,"loc":{"start":{"line":18,"column":2},"end":{"line":21,"column":3}},"locations":[{"start":{"line":18,"column":2},"end":{"line":21,"column":3}}]}},"b":{"0":[3],"1":[4],"2":[2],"3":[1],"4":[2],"5":[1]},"fnMap":{"0":{"name":"SessionBreaks","decl":{"start":{"line":2,"column":2},"end":{"line":4,"column":3}},"loc":{"start":{"line":2,"column":2},"end":{"line":4,"column":3}},"line":2},"1":{"name":"detect","decl":{"start":{"line":6,"column":2},"end":{"line":16,"column":3}},"loc":{"start":{"line":6,"column":2},"end":{"line":16,"column":3}},"line":6},"2":{"name":"_isWeekend","decl":{"start":{"line":18,"column":2},"end":{"line":21,"column":3}},"loc":{"start":{"line":18,"column":2},"end":{"line":21,"column":3}},"line":18},"3":{"name":"render","decl":{"start":{"line":23,"column":2},"end":{"line":34,"column":3}},"loc":{"start":{"line":23,"column":2},"end":{"line":34,"column":3}},"line":23},"4":{"name":"setBars","decl":{"start":{"line":36,"column":2},"end":{"line":38,"column":3}},"loc":{"start":{"line":36,"column":2},"end":{"line":38,"column":3}},"line":36}},"f":{"0":3,"1":4,"2":1,"3":0,"4":0}}
,"C:\\Users\\A\\Downloads\\New folder-Charting-Solution\\Charting-Solution-White-Label\\reconstruction\\phase-10-integration\\src\\chart\\index.js": {"path":"C:\\Users\\A\\Downloads\\New folder-Charting-Solution\\Charting-Solution-White-Label\\reconstruction\\phase-10-integration\\src\\chart\\index.js","all":true,"statementMap":{"0":{"start":{"line":1,"column":0},"end":{"line":1,"column":35}}},"s":{"0":0},"branchMap":{"0":{"type":"branch","line":1,"loc":{"start":{"line":1,"column":0},"end":{"line":1,"column":35}},"locations":[{"start":{"line":1,"column":0},"end":{"line":1,"column":35}}]}},"b":{"0":[0]},"fnMap":{"0":{"name":"(empty-report)","decl":{"start":{"line":1,"column":0},"end":{"line":1,"column":35}},"loc":{"start":{"line":1,"column":0},"end":{"line":1,"column":35}},"line":1}},"f":{"0":0}}
[...]
,"C:\\Users\\A\\Downloads\\New folder-Charting-Solution\\Charting-Solution-White-Label\\reconstruction\\phase-10-integration\\src\\widget\\StateMachine.js": {"path":"C:\\Users\\A\\Downloads\\New folder-Charting-Solution\\Charting-Solution-White-Label\\reconstruction\\phase-10-integration\\src\\widget\\StateMachine.js","all":false,"statementMap":{"0":{"start":{"line":1,"column":0},"end":{"line":1,"column":27}},"1":{"start":{"line":2,"column":0},"end":{"line":2,"column":33}},"2":{"start":{"line":3,"column":0},"end":{"line":3,"column":35}},"3":{"start":{"line":4,"column":0},"end":{"line":4,"column":23}},"4":{"start":{"line":5,"column":0},"end":{"line":5,"column":19}},"5":{"start":{"line":6,"column":0},"end":{"line":6,"column":21}},"6":{"start":{"line":7,"column":0},"end":{"line":7,"column":26}},"7":{"start":{"line":8,"column":0},"end":{"line":8,"column":5}},"8":{"start":{"line":9,"column":0},"end":{"line":9,"column":0}},"9":{"start":{"line":10,"column":0},"end":{"line":10,"column":29}},"10":{"start":{"line":11,"column":0},"end":{"line":11,"column":33}},"11":{"start":{"line":12,"column":0},"end":{"line":12,"column":52}},"12":{"start":{"line":13,"column":0},"end":{"line":13,"column":25}},"13":{"start":{"line":14,"column":0},"end":{"line":14,"column":73}},"14":{"start":{"line":15,"column":0},"end":{"line":15,"column":96}},"15":{"start":{"line":16,"column":0},"end":{"line":16,"column":95}},"16":{"start":{"line":17,"column":0},"end":{"line":17,"column":68}},"17":{"start":{"line":18,"column":0},"end":{"line":18,"column":41}},"18":{"start":{"line":19,"column":0},"end":{"line":19,"column":6}},"19":{"start":{"line":20,"column":0},"end":{"line":20,"column":3}},"20":{"start":{"line":21,"column":0},"end":{"line":21,"column":0}},"21":{"start":{"line":22,"column":0},"end":{"line":22,"column":18}},"22":{"start":{"line":23,"column":0},"end":{"line":23,"column":29}},"23":{"start":{"line":24,"column":0},"end":{"line":24,"column":42}},"24":{"start":{"line":25,"column":0},"end":{"line":25,"column":40}},"25":{"start":{"line":26,"column":0},"end":{"line":26,"column":61}},"26":{"start":{"line":27,"column":0},"end":{"line":27,"column":5}},"27":{"start":{"line":28,"column":0},"end":{"line":28,"column":30}},"28":{"start":{"line":29,"column":0},"end":{"line":29,"column":21}},"29":{"start":{"line":30,"column":0},"end":{"line":30,"column":28}},"30":{"start":{"line":31,"column":0},"end":{"line":31,"column":23}},"31":{"start":{"line":32,"column":0},"end":{"line":32,"column":3}},"32":{"start":{"line":33,"column":0},"end":{"line":33,"column":0}},"33":{"start":{"line":34,"column":0},"end":{"line":34,"column":13}},"34":{"start":{"line":35,"column":0},"end":{"line":35,"column":56}},"35":{"start":{"line":36,"column":0},"end":{"line":36,"column":53}},"36":{"start":{"line":37,"column":0},"end":{"line":37,"column":5}},"37":{"start":{"line":38,"column":0},"end":{"line":38,"column":23}},"38":{"start":{"line":39,"column":0},"end":{"line":39,"column":3}},"39":{"start":{"line":40,"column":0},"end":{"line":40,"column":0}},"40":{"start":{"line":41,"column":0},"end":{"line":41,"column":15}},"41":{"start":{"line":42,"column":0},"end":{"line":42,"column":23}},"42":{"start":{"line":43,"column":0},"end":{"line":43,"column":3}},"43":{"start":{"line":44,"column":0},"end":{"line":44,"column":0}},"44":{"start":{"line":45,"column":0},"end":{"line":45,"column":13}},"45":{"start":{"line":46,"column":0},"end":{"line":46,"column":33}},"46":{"start":{"line":47,"column":0},"end":{"line":47,"column":3}},"47":{"start":{"line":48,"column":0},"end":{"line":48,"column":0}},"48":{"start":{"line":49,"column":0},"end":{"line":49,"column":21}},"49":{"start":{"line":50,"column":0},"end":{"line":50,"column":49}},"50":{"start":{"line":51,"column":0},"end":{"line":51,"column":39}},"51":{"start":{"line":52,"column":0},"end":{"line":52,"column":3}},"52":{"start":{"line":53,"column":0},"end":{"line":53,"column":0}},"53":{"start":{"line":54,"column":0},"end":{"line":54,"column":21}},"54":{"start":{"line":55,"column":0},"end":{"line":55,"column":68}},"55":{"start":{"line":56,"column":0},"end":{"line":56,"column":50}},"56":{"start":{"line":57,"column":0},"end":{"line":57,"column":5}},"57":{"start":{"line":58,"column":0},"end":{"line":58,"column":3}},"58":{"start":{"line":59,"column":0},"end":{"line":59,"column":1}}},"s":{"0":1,"1":1,"2":1,"3":1,"4":1,"5":1,"6":1,"7":1,"8":1,"9":1,"10":8,"11":8,"12":8,"13":8,"14":8,"15":8,"16":8,"17":8,"18":8,"19":8,"20":1,"21":1,"22":17,"23":17,"24":17,"25":2,"26":2,"27":15,"28":15,"29":15,"30":15,"31":17,"32":1,"33":1,"34":2,"35":2,"36":2,"37":2,"38":2,"39":1,"40":1,"41":5,"42":5,"43":1,"44":1,"45":0,"46":0,"47":1,"48":1,"49":0,"50":0,"51":0,"52":1,"53":1,"54":30,"55":30,"56":30,"57":30,"58":1},"branchMap":{"0":{"type":"branch","line":2,"loc":{"start":{"line":2,"column":2},"end":{"line":8,"column":4}},"locations":[{"start":{"line":2,"column":2},"end":{"line":8,"column":4}}]},"1":{"type":"branch","line":10,"loc":{"start":{"line":10,"column":2},"end":{"line":20,"column":3}},"locations":[{"start":{"line":10,"column":2},"end":{"line":20,"column":3}}]},"2":{"type":"branch","line":22,"loc":{"start":{"line":22,"column":2},"end":{"line":32,"column":3}},"locations":[{"start":{"line":22,"column":2},"end":{"line":32,"column":3}}]},"3":{"type":"branch","line":25,"loc":{"start":{"line":25,"column":39},"end":{"line":27,"column":5}},"locations":[{"start":{"line":25,"column":39},"end":{"line":27,"column":5}}]},"4":{"type":"branch","line":27,"loc":{"start":{"line":27,"column":4},"end":{"line":32,"column":2}},"locations":[{"start":{"line":27,"column":4},"end":{"line":32,"column":2}}]},"5":{"type":"branch","line":34,"loc":{"start":{"line":34,"column":2},"end":{"line":39,"column":3}},"locations":[{"start":{"line":34,"column":2},"end":{"line":39,"column":3}}]},"6":{"type":"branch","line":41,"loc":{"start":{"line":41,"column":2},"end":{"line":43,"column":3}},"locations":[{"start":{"line":41,"column":2},"end":{"line":43,"column":3}}]},"7":{"type":"branch","line":54,"loc":{"start":{"line":54,"column":2},"end":{"line":58,"column":3}},"locations":[{"start":{"line":54,"column":2},"end":{"line":58,"column":3}}]}},"b":{"0":[1],"1":[8],"2":[17],"3":[2],"4":[15],"5":[2],"6":[5],"7":[30]},"fnMap":{"0":{"name":"<static_initializer>","decl":{"start":{"line":2,"column":2},"end":{"line":8,"column":4}},"loc":{"start":{"line":2,"column":2},"end":{"line":8,"column":4}},"line":2},"1":{"name":"StateMachine","decl":{"start":{"line":10,"column":2},"end":{"line":20,"column":3}},"loc":{"start":{"line":10,"column":2},"end":{"line":20,"column":3}},"line":10},"2":{"name":"transition","decl":{"start":{"line":22,"column":2},"end":{"line":32,"column":3}},"loc":{"start":{"line":22,"column":2},"end":{"line":32,"column":3}},"line":22},"3":{"name":"destroy","decl":{"start":{"line":34,"column":2},"end":{"line":39,"column":3}},"loc":{"start":{"line":34,"column":2},"end":{"line":39,"column":3}},"line":34},"4":{"name":"get state","decl":{"start":{"line":41,"column":2},"end":{"line":43,"column":3}},"loc":{"start":{"line":41,"column":2},"end":{"line":43,"column":3}},"line":41},"5":{"name":"is","decl":{"start":{"line":45,"column":2},"end":{"line":47,"column":3}},"loc":{"start":{"line":45,"column":2},"end":{"line":47,"column":3}},"line":45},"6":{"name":"canTransition","decl":{"start":{"line":49,"column":2},"end":{"line":52,"column":3}},"loc":{"start":{"line":49,"column":2},"end":{"line":52,"column":3}},"line":49},"7":{"name":"_emit","decl":{"start":{"line":54,"column":2},"end":{"line":58,"column":3}},"loc":{"start":{"line":54,"column":2},"end":{"line":58,"column":3}},"line":54}},"f":{"0":1,"1":8,"2":17,"3":2,"4":5,"5":0,"6":0,"7":30}}
,"C:\\Users\\A\\Downloads\\New folder-Charting-Solution\\Charting-Solution-White-Label\\reconstruction\\phase-10-integration\\src\\widget\\Widget.js": {"path":"C:\\Users\\A\\Downloads\\New folder-Charting-Solution\\Charting-Solution-White-Label\\reconstruction\\phase-10-integration\\src\\widget\\Widget.js","all":false,"statementMap":{"0":{"start":{"line":1,"column":0},"end":{"line":1,"column":172}},"1":{"start":{"line":2,"column":0},"end":{"line":2,"column":172}},"2":{"start":{"line":3,"column":0},"end":{"line":3,"column":174}},"3":{"start":{"line":4,"column":0},"end":{"line":4,"column":44}},"4":{"start":{"line":5,"column":0},"end":{"line":5,"column":0}},"5":{"start":{"line":6,"column":0},"end":{"line":6,"column":21}},"6":{"start":{"line":7,"column":0},"end":{"line":7,"column":24}},"7":{"start":{"line":8,"column":0},"end":{"line":8,"column":34}},"8":{"start":{"line":9,"column":0},"end":{"line":9,"column":59}},"9":{"start":{"line":10,"column":0},"end":{"line":10,"column":49}},"10":{"start":{"line":11,"column":0},"end":{"line":11,"column":26}},"11":{"start":{"line":12,"column":0},"end":{"line":12,"column":79}},"12":{"start":{"line":13,"column":0},"end":{"line":13,"column":0}},"13":{"start":{"line":14,"column":0},"end":{"line":14,"column":207}},"14":{"start":{"line":15,"column":0},"end":{"line":15,"column":0}},"15":{"start":{"line":16,"column":0},"end":{"line":16,"column":57}},"16":{"start":{"line":17,"column":0},"end":{"line":17,"column":59}},"17":{"start":{"line":18,"column":0},"end":{"line":18,"column":46}},"18":{"start":{"line":19,"column":0},"end":{"line":19,"column":0}},"19":{"start":{"line":20,"column":0},"end":{"line":20,"column":46}},"20":{"start":{"line":21,"column":0},"end":{"line":21,"column":44}},"21":{"start":{"line":22,"column":0},"end":{"line":22,"column":46}},"22":{"start":{"line":23,"column":0},"end":{"line":23,"column":0}},"23":{"start":{"line":24,"column":0},"end":{"line":24,"column":23}},"24":{"start":{"line":25,"column":0},"end":{"line":25,"column":23}},"25":{"start":{"line":26,"column":0},"end":{"line":26,"column":0}},"26":{"start":{"line":27,"column":0},"end":{"line":27,"column":17}},"27":{"start":{"line":28,"column":0},"end":{"line":28,"column":3}},"28":{"start":{"line":29,"column":0},"end":{"line":29,"column":0}},"29":{"start":{"line":30,"column":0},"end":{"line":30,"column":11}},"30":{"start":{"line":31,"column":0},"end":{"line":31,"column":30}},"31":{"start":{"line":32,"column":0},"end":{"line":32,"column":52}},"32":{"start":{"line":33,"column":0},"end":{"line":33,"column":5}},"33":{"start":{"line":34,"column":0},"end":{"line":34,"column":45}},"34":{"start":{"line":35,"column":0},"end":{"line":35,"column":91}},"35":{"start":{"line":36,"column":0},"end":{"line":36,"column":43}},"36":{"start":{"line":37,"column":0},"end":{"line":37,"column":44}},"37":{"start":{"line":38,"column":0},"end":{"line":38,"column":0}},"38":{"start":{"line":39,"column":0},"end":{"line":39,"column":74}},"39":{"start":{"line":40,"column":0},"end":{"line":40,"column":80}},"40":{"start":{"line":41,"column":0},"end":{"line":41,"column":3}},"41":{"start":{"line":42,"column":0},"end":{"line":42,"column":0}},"42":{"start":{"line":43,"column":0},"end":{"line":43,"column":11}},"43":{"start":{"line":44,"column":0},"end":{"line":44,"column":23}},"44":{"start":{"line":45,"column":0},"end":{"line":45,"column":3}},"45":{"start":{"line":46,"column":0},"end":{"line":46,"column":0}},"46":{"start":{"line":47,"column":0},"end":{"line":47,"column":21}},"47":{"start":{"line":48,"column":0},"end":{"line":48,"column":26}},"48":{"start":{"line":49,"column":0},"end":{"line":49,"column":51}},"49":{"start":{"line":50,"column":0},"end":{"line":50,"column":3}},"50":{"start":{"line":51,"column":0},"end":{"line":51,"column":0}},"51":{"start":{"line":52,"column":0},"end":{"line":52,"column":25}},"52":{"start":{"line":53,"column":0},"end":{"line":53,"column":30}},"53":{"start":{"line":54,"column":0},"end":{"line":54,"column":55}},"54":{"start":{"line":55,"column":0},"end":{"line":55,"column":3}},"55":{"start":{"line":56,"column":0},"end":{"line":56,"column":0}},"56":{"start":{"line":57,"column":0},"end":{"line":57,"column":22}},"57":{"start":{"line":58,"column":0},"end":{"line":58,"column":36}},"58":{"start":{"line":59,"column":0},"end":{"line":59,"column":56}},"59":{"start":{"line":60,"column":0},"end":{"line":60,"column":3}},"60":{"start":{"line":61,"column":0},"end":{"line":61,"column":0}},"61":{"start":{"line":62,"column":0},"end":{"line":62,"column":31}},"62":{"start":{"line":63,"column":0},"end":{"line":63,"column":49}},"63":{"start":{"line":64,"column":0},"end":{"line":64,"column":31}},"64":{"start":{"line":65,"column":0},"end":{"line":65,"column":53}},"65":{"start":{"line":66,"column":0},"end":{"line":66,"column":30}},"66":{"start":{"line":67,"column":0},"end":{"line":67,"column":49}},"67":{"start":{"line":68,"column":0},"end":{"line":68,"column":17}},"68":{"start":{"line":69,"column":0},"end":{"line":69,"column":3}},"69":{"start":{"line":70,"column":0},"end":{"line":70,"column":0}},"70":{"start":{"line":71,"column":0},"end":{"line":71,"column":12}},"71":{"start":{"line":72,"column":0},"end":{"line":72,"column":43}},"72":{"start":{"line":73,"column":0},"end":{"line":73,"column":33}},"73":{"start":{"line":74,"column":0},"end":{"line":74,"column":3}},"74":{"start":{"line":75,"column":0},"end":{"line":75,"column":0}},"75":{"start":{"line":76,"column":0},"end":{"line":76,"column":50}},"76":{"start":{"line":77,"column":0},"end":{"line":77,"column":1}}},"s":{"0":1,"1":1,"2":1,"3":1,"4":1,"5":1,"6":1,"7":12,"8":12,"9":12,"10":12,"11":12,"12":12,"13":12,"14":12,"15":12,"16":12,"17":12,"18":12,"19":12,"20":12,"21":12,"22":12,"23":12,"24":12,"25":12,"26":12,"27":12,"28":1,"29":1,"30":12,"31":0,"32":0,"33":12,"34":12,"35":12,"36":12,"37":12,"38":12,"39":12,"40":12,"41":1,"42":1,"43":7,"44":7,"45":1,"46":1,"47":1,"48":1,"49":1,"50":1,"51":1,"52":1,"53":1,"54":1,"55":1,"56":1,"57":0,"58":0,"59":0,"60":1,"61":1,"62":0,"63":0,"64":0,"65":0,"66":0,"67":0,"68":0,"69":1,"70":1,"71":11,"72":11,"73":11,"74":1,"75":1,"76":1},"branchMap":{"0":{"type":"branch","line":7,"loc":{"start":{"line":7,"column":2},"end":{"line":28,"column":3}},"locations":[{"start":{"line":7,"column":2},"end":{"line":28,"column":3}}]},"1":{"type":"branch","line":8,"loc":{"start":{"line":8,"column":28},"end":{"line":8,"column":33}},"locations":[{"start":{"line":8,"column":28},"end":{"line":8,"column":33}}]},"2":{"type":"branch","line":10,"loc":{"start":{"line":10,"column":6},"end":{"line":10,"column":49}},"locations":[{"start":{"line":10,"column":6},"end":{"line":10,"column":49}}]},"3":{"type":"branch","line":12,"loc":{"start":{"line":12,"column":26},"end":{"line":12,"column":79}},"locations":[{"start":{"line":12,"column":26},"end":{"line":12,"column":79}}]},"4":{"type":"branch","line":21,"loc":{"start":{"line":21,"column":34},"end":{"line":21,"column":43}},"locations":[{"start":{"line":21,"column":34},"end":{"line":21,"column":43}}]},"5":{"type":"branch","line":22,"loc":{"start":{"line":22,"column":38},"end":{"line":22,"column":45}},"locations":[{"start":{"line":22,"column":38},"end":{"line":22,"column":45}}]},"6":{"type":"branch","line":14,"loc":{"start":{"line":14,"column":37},"end":{"line":14,"column":111}},"locations":[{"start":{"line":14,"column":37},"end":{"line":14,"column":111}}]},"7":{"type":"branch","line":30,"loc":{"start":{"line":30,"column":2},"end":{"line":41,"column":3}},"locations":[{"start":{"line":30,"column":2},"end":{"line":41,"column":3}}]},"8":{"type":"branch","line":31,"loc":{"start":{"line":31,"column":29},"end":{"line":33,"column":5}},"locations":[{"start":{"line":31,"column":29},"end":{"line":33,"column":5}}]},"9":{"type":"branch","line":43,"loc":{"start":{"line":43,"column":2},"end":{"line":45,"column":3}},"locations":[{"start":{"line":43,"column":2},"end":{"line":45,"column":3}}]},"10":{"type":"branch","line":47,"loc":{"start":{"line":47,"column":2},"end":{"line":50,"column":3}},"locations":[{"start":{"line":47,"column":2},"end":{"line":50,"column":3}}]},"11":{"type":"branch","line":52,"loc":{"start":{"line":52,"column":2},"end":{"line":55,"column":3}},"locations":[{"start":{"line":52,"column":2},"end":{"line":55,"column":3}}]},"12":{"type":"branch","line":71,"loc":{"start":{"line":71,"column":2},"end":{"line":74,"column":3}},"locations":[{"start":{"line":71,"column":2},"end":{"line":74,"column":3}}]},"13":{"type":"branch","line":76,"loc":{"start":{"line":76,"column":2},"end":{"line":76,"column":50}},"locations":[{"start":{"line":76,"column":2},"end":{"line":76,"column":50}}]}},"b":{"0":[12],"1":[0],"2":[0],"3":[0],"4":[0],"5":[0],"6":[94],"7":[12],"8":[0],"9":[7],"10":[1],"11":[1],"12":[11],"13":[1]},"fnMap":{"0":{"name":"Widget","decl":{"start":{"line":7,"column":2},"end":{"line":28,"column":3}},"loc":{"start":{"line":7,"column":2},"end":{"line":28,"column":3}},"line":7},"1":{"name":"emit","decl":{"start":{"line":14,"column":37},"end":{"line":14,"column":111}},"loc":{"start":{"line":14,"column":37},"end":{"line":14,"column":111}},"line":14},"2":{"name":"on","decl":{"start":{"line":14,"column":113},"end":{"line":14,"column":204}},"loc":{"start":{"line":14,"column":113},"end":{"line":14,"column":204}},"line":14},"3":{"name":"_init","decl":{"start":{"line":30,"column":2},"end":{"line":41,"column":3}},"loc":{"start":{"line":30,"column":2},"end":{"line":41,"column":3}},"line":30},"4":{"name":"chart","decl":{"start":{"line":43,"column":2},"end":{"line":45,"column":3}},"loc":{"start":{"line":43,"column":2},"end":{"line":45,"column":3}},"line":43},"5":{"name":"setSymbol","decl":{"start":{"line":47,"column":2},"end":{"line":50,"column":3}},"loc":{"start":{"line":47,"column":2},"end":{"line":50,"column":3}},"line":47},"6":{"name":"setInterval","decl":{"start":{"line":52,"column":2},"end":{"line":55,"column":3}},"loc":{"start":{"line":52,"column":2},"end":{"line":55,"column":3}},"line":52},"7":{"name":"changeTheme","decl":{"start":{"line":57,"column":2},"end":{"line":60,"column":3}},"loc":{"start":{"line":57,"column":2},"end":{"line":60,"column":3}},"line":57},"8":{"name":"addStudy","decl":{"start":{"line":62,"column":2},"end":{"line":69,"column":3}},"loc":{"start":{"line":62,"column":2},"end":{"line":69,"column":3}},"line":62},"9":{"name":"remove","decl":{"start":{"line":71,"column":2},"end":{"line":74,"column":3}},"loc":{"start":{"line":71,"column":2},"end":{"line":74,"column":3}},"line":71},"10":{"name":"get state","decl":{"start":{"line":76,"column":2},"end":{"line":76,"column":50}},"loc":{"start":{"line":76,"column":2},"end":{"line":76,"column":50}},"line":76}},"f":{"0":12,"1":94,"2":0,"3":12,"4":7,"5":1,"6":1,"7":0,"8":0,"9":11,"10":1}}
,"C:\\Users\\A\\Downloads\\New folder-Charting-Solution\\Charting-Solution-White-Label\\reconstruction\\phase-10-integration\\src\\widget\\index.js": {"path":"C:\\Users\\A\\Downloads\\New folder-Charting-Solution\\Charting-Solution-White-Label\\reconstruction\\phase-10-integration\\src\\widget\\index.js","all":true,"statementMap":{"0":{"start":{"line":1,"column":0},"end":{"line":1,"column":37}}},"s":{"0":0},"branchMap":{"0":{"type":"branch","line":1,"loc":{"start":{"line":1,"column":0},"end":{"line":1,"column":37}},"locations":[{"start":{"line":1,"column":0},"end":{"line":1,"column":37}}]}},"b":{"0":[0]},"fnMap":{"0":{"name":"(empty-report)","decl":{"start":{"line":1,"column":0},"end":{"line":1,"column":37}},"loc":{"start":{"line":1,"column":0},"end":{"line":1,"column":37}},"line":1}},"f":{"0":0}}
}
